[debug] [2020-10-09T16:04:30.932Z] ----------------------------------------------------------------------
[debug] [2020-10-09T16:04:30.934Z] Command:       C:\Program Files\nodejs\node.exe C:\Users\dell\AppData\Roaming\npm\node_modules\firebase-tools\lib\bin\firebase.js emulators:start
[debug] [2020-10-09T16:04:30.934Z] CLI Version:   8.12.0
[debug] [2020-10-09T16:04:30.934Z] Platform:      win32
[debug] [2020-10-09T16:04:30.934Z] Node Version:  v12.18.3
[debug] [2020-10-09T16:04:30.935Z] Time:          Fri Oct 09 2020 17:04:30 GMT+0100 (GMT+01:00)
[debug] [2020-10-09T16:04:30.935Z] ----------------------------------------------------------------------
[debug] [2020-10-09T16:04:30.935Z] 
[debug] [2020-10-09T16:04:30.941Z] > command requires scopes: ["email","openid","https://www.googleapis.com/auth/cloudplatformprojects.readonly","https://www.googleapis.com/auth/firebase","https://www.googleapis.com/auth/cloud-platform"]
[debug] [2020-10-09T16:04:30.942Z] > authorizing via signed-in user
[info] i  emulators: Starting emulators: functions, hosting {"metadata":{"emulator":{"name":"hub"},"message":"Starting emulators: functions, hosting"}}
[debug] [2020-10-09T16:04:32.975Z] [hub] writing locator at C:\Users\dell\AppData\Local\Temp\hub-clone-e5f47.json
[warn] !  functions: The following emulators are not running, calls to these services from the Functions emulator will affect production: auth, firestore, database, pubsub {"metadata":{"emulator":{"name":"functions"},"message":"The following emulators are not running, calls to these services from the Functions emulator will affect production: \u001b[1mauth, firestore, database, pubsub\u001b[22m"}}
[warn] !  Your requested "node" version "10" doesn't match your global version "12" {"metadata":{"emulator":{"name":"functions"},"message":"Your requested \"node\" version \"10\" doesn't match your global version \"12\""}}
[debug] [2020-10-09T16:04:35.006Z] defaultcredentials: writing to file C:\Users\dell\AppData\Roaming\firebase\loualiadam93_gmail_com_application_default_credentials.json
[debug] [2020-10-09T16:04:35.006Z] Setting GAC to C:\Users\dell\AppData\Roaming\firebase\loualiadam93_gmail_com_application_default_credentials.json {"metadata":{"emulator":{"name":"functions"},"message":"Setting GAC to C:\\Users\\dell\\AppData\\Roaming\\firebase\\loualiadam93_gmail_com_application_default_credentials.json"}}
[debug] [2020-10-09T16:04:37.017Z] >>> HTTP REQUEST GET https://firebase.googleapis.com/v1beta1/projects/clone-e5f47/webApps/-/config  
 
[debug] [2020-10-09T16:04:38.281Z] <<< HTTP RESPONSE 200 {"content-type":"application/json; charset=UTF-8","vary":"X-Origin, Referer, Origin,Accept-Encoding","date":"Fri, 09 Oct 2020 16:04:40 GMT","server":"ESF","cache-control":"private","x-xss-protection":"0","x-frame-options":"SAMEORIGIN","x-content-type-options":"nosniff","alt-svc":"h3-Q050=\":443\"; ma=2592000,h3-29=\":443\"; ma=2592000,h3-27=\":443\"; ma=2592000,h3-T051=\":443\"; ma=2592000,h3-T050=\":443\"; ma=2592000,h3-Q046=\":443\"; ma=2592000,h3-Q043=\":443\"; ma=2592000,quic=\":443\"; ma=2592000; v=\"46,43\"","accept-ranges":"none","transfer-encoding":"chunked"}
[info] i  hosting: Serving hosting files from: build {"metadata":{"emulator":{"name":"hosting"},"message":"Serving hosting files from: \u001b[1mbuild\u001b[22m"}}
[info] +  hosting: Local server: http://localhost:5000 {"metadata":{"emulator":{"name":"hosting"},"message":"Local server: \u001b[4m\u001b[1mhttp://localhost:5000\u001b[22m\u001b[24m"}}
[info] i  ui: downloading ui-v1.1.1.zip... {"metadata":{"emulator":{"name":"ui"},"message":"downloading ui-v1.1.1.zip..."}}
[debug] [2020-10-09T16:04:45.422Z] Ignoring unsupported arg: auto_download {"metadata":{"emulator":{"name":"ui"},"message":"Ignoring unsupported arg: auto_download"}}
[debug] [2020-10-09T16:04:45.422Z] Ignoring unsupported arg: port {"metadata":{"emulator":{"name":"ui"},"message":"Ignoring unsupported arg: port"}}
[debug] [2020-10-09T16:04:45.422Z] Starting Emulator UI with command {"binary":"node","args":["C:\\Users\\dell\\.cache\\firebase\\emulators\\ui-v1.1.1\\server.bundle.js"],"optionalArgs":[],"joinArgs":false} {"metadata":{"emulator":{"name":"ui"},"message":"Starting Emulator UI with command {\"binary\":\"node\",\"args\":[\"C:\\\\Users\\\\dell\\\\.cache\\\\firebase\\\\emulators\\\\ui-v1.1.1\\\\server.bundle.js\"],\"optionalArgs\":[],\"joinArgs\":false}"}}
[info] i  ui: Emulator UI logging to ui-debug.log {"metadata":{"emulator":{"name":"ui"},"message":"Emulator UI logging to \u001b[1mui-debug.log\u001b[22m"}}
[debug] [2020-10-09T16:04:45.520Z] Web / API server started at http://localhost:4000
 {"metadata":{"emulator":{"name":"ui"},"message":"Web / API server started at http://localhost:4000\n"}}
[info] i  functions: Watching "C:\Users\dell\Documents\PROGRAMMING\3w Academy\amazon-clone\functions" for Cloud Functions... {"metadata":{"emulator":{"name":"functions"},"message":"Watching \"C:\\Users\\dell\\Documents\\PROGRAMMING\\3w Academy\\amazon-clone\\functions\" for Cloud Functions..."}}
[debug] [2020-10-09T16:04:45.963Z] [worker-pool] addWorker(~diagnostic~) {"metadata":{"emulator":{"name":"functions"},"message":"[worker-pool] addWorker(~diagnostic~)"}}
[debug] [2020-10-09T16:04:45.963Z] [worker-pool] Adding worker with key ~diagnostic~, total=1 {"metadata":{"emulator":{"name":"functions"},"message":"[worker-pool] Adding worker with key ~diagnostic~, total=1"}}
[debug] [2020-10-09T16:04:45.963Z] [worker-pool] submitWork(triggerId=) {"metadata":{"emulator":{"name":"functions"},"message":"[worker-pool] submitWork(triggerId=)"}}
[debug] [2020-10-09T16:04:45.964Z] [worker-~diagnostic~-6aaaca85-cd81-4247-8eac-9fe53ee0e394]: Assigning socketPath: \\?\pipe\C:\Users\dell\Documents\PROGRAMMING\3w Academy\amazon-clone\functions\1036 {"metadata":{"emulator":{"name":"functions"},"message":"[worker-~diagnostic~-6aaaca85-cd81-4247-8eac-9fe53ee0e394]: Assigning socketPath: \\\\?\\pipe\\C:\\Users\\dell\\Documents\\PROGRAMMING\\3w Academy\\amazon-clone\\functions\\1036"}}
[debug] [2020-10-09T16:04:45.964Z] [worker-~diagnostic~-6aaaca85-cd81-4247-8eac-9fe53ee0e394]: BUSY {"metadata":{"emulator":{"name":"functions"},"message":"[worker-~diagnostic~-6aaaca85-cd81-4247-8eac-9fe53ee0e394]: BUSY"}}
[debug] [2020-10-09T16:04:46.374Z] [runtime-status] [1036] Functions runtime initialized. {"cwd":"C:\\Users\\dell\\Documents\\PROGRAMMING\\3w Academy\\amazon-clone\\functions","node_version":"12.18.3"} {"metadata":{"emulator":{"name":"functions"},"message":"[runtime-status] [1036] Functions runtime initialized. {\"cwd\":\"C:\\\\Users\\\\dell\\\\Documents\\\\PROGRAMMING\\\\3w Academy\\\\amazon-clone\\\\functions\",\"node_version\":\"12.18.3\"}"}}
[debug] [2020-10-09T16:04:46.375Z] [runtime-status] [1036] Disabled runtime features: undefined {"metadata":{"emulator":{"name":"functions"},"message":"[runtime-status] [1036] Disabled runtime features: undefined"}}
[debug] [2020-10-09T16:04:46.382Z] [runtime-status] [1036] Resolved module firebase-admin {"declared":true,"installed":true,"version":"8.13.0","resolution":"C:\\Users\\dell\\Documents\\PROGRAMMING\\3w Academy\\amazon-clone\\functions\\node_modules\\firebase-admin\\lib\\index.js"} {"metadata":{"emulator":{"name":"functions"},"message":"[runtime-status] [1036] Resolved module firebase-admin {\"declared\":true,\"installed\":true,\"version\":\"8.13.0\",\"resolution\":\"C:\\\\Users\\\\dell\\\\Documents\\\\PROGRAMMING\\\\3w Academy\\\\amazon-clone\\\\functions\\\\node_modules\\\\firebase-admin\\\\lib\\\\index.js\"}"}}
[debug] [2020-10-09T16:04:46.383Z] [runtime-status] [1036] Resolved module firebase-functions {"declared":true,"installed":true,"version":"3.11.0","resolution":"C:\\Users\\dell\\Documents\\PROGRAMMING\\3w Academy\\amazon-clone\\functions\\node_modules\\firebase-functions\\lib\\index.js"} {"metadata":{"emulator":{"name":"functions"},"message":"[runtime-status] [1036] Resolved module firebase-functions {\"declared\":true,\"installed\":true,\"version\":\"3.11.0\",\"resolution\":\"C:\\\\Users\\\\dell\\\\Documents\\\\PROGRAMMING\\\\3w Academy\\\\amazon-clone\\\\functions\\\\node_modules\\\\firebase-functions\\\\lib\\\\index.js\"}"}}
[debug] [2020-10-09T16:04:46.384Z] [runtime-status] [1036] Resolved module firebase-functions {"declared":true,"installed":true,"version":"3.11.0","resolution":"C:\\Users\\dell\\Documents\\PROGRAMMING\\3w Academy\\amazon-clone\\functions\\node_modules\\firebase-functions\\lib\\index.js"} {"metadata":{"emulator":{"name":"functions"},"message":"[runtime-status] [1036] Resolved module firebase-functions {\"declared\":true,\"installed\":true,\"version\":\"3.11.0\",\"resolution\":\"C:\\\\Users\\\\dell\\\\Documents\\\\PROGRAMMING\\\\3w Academy\\\\amazon-clone\\\\functions\\\\node_modules\\\\firebase-functions\\\\lib\\\\index.js\"}"}}
[debug] [2020-10-09T16:04:46.385Z] [runtime-status] [1036] Outgoing network have been stubbed. [{"name":"http","status":"mocked"},{"name":"http","status":"mocked"},{"name":"https","status":"mocked"},{"name":"https","status":"mocked"},{"name":"net","status":"mocked"}] {"metadata":{"emulator":{"name":"functions"},"message":"[runtime-status] [1036] Outgoing network have been stubbed. [{\"name\":\"http\",\"status\":\"mocked\"},{\"name\":\"http\",\"status\":\"mocked\"},{\"name\":\"https\",\"status\":\"mocked\"},{\"name\":\"https\",\"status\":\"mocked\"},{\"name\":\"net\",\"status\":\"mocked\"}]"}}
[debug] [2020-10-09T16:04:46.386Z] [runtime-status] [1036] Resolved module firebase-functions {"declared":true,"installed":true,"version":"3.11.0","resolution":"C:\\Users\\dell\\Documents\\PROGRAMMING\\3w Academy\\amazon-clone\\functions\\node_modules\\firebase-functions\\lib\\index.js"} {"metadata":{"emulator":{"name":"functions"},"message":"[runtime-status] [1036] Resolved module firebase-functions {\"declared\":true,\"installed\":true,\"version\":\"3.11.0\",\"resolution\":\"C:\\\\Users\\\\dell\\\\Documents\\\\PROGRAMMING\\\\3w Academy\\\\amazon-clone\\\\functions\\\\node_modules\\\\firebase-functions\\\\lib\\\\index.js\"}"}}
[debug] [2020-10-09T16:04:46.433Z] [runtime-status] [1036] Checked functions.config() {"config":{}} {"metadata":{"emulator":{"name":"functions"},"message":"[runtime-status] [1036] Checked functions.config() {\"config\":{}}"}}
[debug] [2020-10-09T16:04:46.433Z] [runtime-status] [1036] firebase-functions has been stubbed. {"functionsResolution":{"declared":true,"installed":true,"version":"3.11.0","resolution":"C:\\Users\\dell\\Documents\\PROGRAMMING\\3w Academy\\amazon-clone\\functions\\node_modules\\firebase-functions\\lib\\index.js"}} {"metadata":{"emulator":{"name":"functions"},"message":"[runtime-status] [1036] firebase-functions has been stubbed. {\"functionsResolution\":{\"declared\":true,\"installed\":true,\"version\":\"3.11.0\",\"resolution\":\"C:\\\\Users\\\\dell\\\\Documents\\\\PROGRAMMING\\\\3w Academy\\\\amazon-clone\\\\functions\\\\node_modules\\\\firebase-functions\\\\lib\\\\index.js\"}}"}}
[debug] [2020-10-09T16:04:46.433Z] [runtime-status] [1036] Resolved module firebase-functions {"declared":true,"installed":true,"version":"3.11.0","resolution":"C:\\Users\\dell\\Documents\\PROGRAMMING\\3w Academy\\amazon-clone\\functions\\node_modules\\firebase-functions\\lib\\index.js"} {"metadata":{"emulator":{"name":"functions"},"message":"[runtime-status] [1036] Resolved module firebase-functions {\"declared\":true,\"installed\":true,\"version\":\"3.11.0\",\"resolution\":\"C:\\\\Users\\\\dell\\\\Documents\\\\PROGRAMMING\\\\3w Academy\\\\amazon-clone\\\\functions\\\\node_modules\\\\firebase-functions\\\\lib\\\\index.js\"}"}}
[debug] [2020-10-09T16:04:46.434Z] [runtime-status] [1036] Resolved module firebase-admin {"declared":true,"installed":true,"version":"8.13.0","resolution":"C:\\Users\\dell\\Documents\\PROGRAMMING\\3w Academy\\amazon-clone\\functions\\node_modules\\firebase-admin\\lib\\index.js"} {"metadata":{"emulator":{"name":"functions"},"message":"[runtime-status] [1036] Resolved module firebase-admin {\"declared\":true,\"installed\":true,\"version\":\"8.13.0\",\"resolution\":\"C:\\\\Users\\\\dell\\\\Documents\\\\PROGRAMMING\\\\3w Academy\\\\amazon-clone\\\\functions\\\\node_modules\\\\firebase-admin\\\\lib\\\\index.js\"}"}}
[debug] [2020-10-09T16:04:46.435Z] [runtime-status] [1036] Resolved module firebase-functions {"declared":true,"installed":true,"version":"3.11.0","resolution":"C:\\Users\\dell\\Documents\\PROGRAMMING\\3w Academy\\amazon-clone\\functions\\node_modules\\firebase-functions\\lib\\index.js"} {"metadata":{"emulator":{"name":"functions"},"message":"[runtime-status] [1036] Resolved module firebase-functions {\"declared\":true,\"installed\":true,\"version\":\"3.11.0\",\"resolution\":\"C:\\\\Users\\\\dell\\\\Documents\\\\PROGRAMMING\\\\3w Academy\\\\amazon-clone\\\\functions\\\\node_modules\\\\firebase-functions\\\\lib\\\\index.js\"}"}}
[debug] [2020-10-09T16:04:46.435Z] [runtime-status] [1036] firebase-admin has been stubbed. {"adminResolution":{"declared":true,"installed":true,"version":"8.13.0","resolution":"C:\\Users\\dell\\Documents\\PROGRAMMING\\3w Academy\\amazon-clone\\functions\\node_modules\\firebase-admin\\lib\\index.js"}} {"metadata":{"emulator":{"name":"functions"},"message":"[runtime-status] [1036] firebase-admin has been stubbed. {\"adminResolution\":{\"declared\":true,\"installed\":true,\"version\":\"8.13.0\",\"resolution\":\"C:\\\\Users\\\\dell\\\\Documents\\\\PROGRAMMING\\\\3w Academy\\\\amazon-clone\\\\functions\\\\node_modules\\\\firebase-admin\\\\lib\\\\index.js\"}}"}}
[info] +  functions[api]: http function initialized (http://localhost:5001/clone-e5f47/us-central1/api). {"metadata":{"emulator":{"name":"functions"},"message":"\u001b[1mhttp\u001b[22m function initialized (http://localhost:5001/clone-e5f47/us-central1/api)."}}
[info] 
┌───────────────────────────────────────────────────────────────────────┐
│ ✔  All emulators ready! View status and logs at http://localhost:4000 │
└───────────────────────────────────────────────────────────────────────┘

┌───────────┬────────────────┬─────────────────────────────────┐
│ Emulator  │ Host:Port      │ View in Emulator UI             │
├───────────┼────────────────┼─────────────────────────────────┤
│ Functions │ localhost:5001 │ http://localhost:4000/functions │
├───────────┼────────────────┼─────────────────────────────────┤
│ Hosting   │ localhost:5000 │ n/a                             │
└───────────┴────────────────┴─────────────────────────────────┘
  Other reserved ports: 4400, 4500

Issues? Report them at https://github.com/firebase/firebase-tools/issues and attach the *-debug.log files.
 
[debug] [2020-10-09T16:04:46.608Z] [worker-~diagnostic~-6aaaca85-cd81-4247-8eac-9fe53ee0e394]: IDLE {"metadata":{"emulator":{"name":"functions"},"message":"[worker-~diagnostic~-6aaaca85-cd81-4247-8eac-9fe53ee0e394]: IDLE"}}
[debug] [2020-10-09T16:08:28.981Z] File C:\Users\dell\Documents\PROGRAMMING\3w Academy\amazon-clone\functions\index.js changed, reloading triggers {"metadata":{"emulator":{"name":"functions"},"message":"File C:\\Users\\dell\\Documents\\PROGRAMMING\\3w Academy\\amazon-clone\\functions\\index.js changed, reloading triggers"}}
[debug] [2020-10-09T16:08:29.982Z] [worker-pool] Shutting down IDLE worker (~diagnostic~) {"metadata":{"emulator":{"name":"functions"},"message":"[worker-pool] Shutting down IDLE worker (~diagnostic~)"}}
[debug] [2020-10-09T16:08:29.982Z] [worker-~diagnostic~-6aaaca85-cd81-4247-8eac-9fe53ee0e394]: FINISHING {"metadata":{"emulator":{"name":"functions"},"message":"[worker-~diagnostic~-6aaaca85-cd81-4247-8eac-9fe53ee0e394]: FINISHING"}}
[debug] [2020-10-09T16:08:29.987Z] [worker-pool] addWorker(~diagnostic~) {"metadata":{"emulator":{"name":"functions"},"message":"[worker-pool] addWorker(~diagnostic~)"}}
[debug] [2020-10-09T16:08:29.988Z] [worker-pool] Adding worker with key ~diagnostic~, total=2 {"metadata":{"emulator":{"name":"functions"},"message":"[worker-pool] Adding worker with key ~diagnostic~, total=2"}}
[debug] [2020-10-09T16:08:29.988Z] [worker-pool] submitWork(triggerId=) {"metadata":{"emulator":{"name":"functions"},"message":"[worker-pool] submitWork(triggerId=)"}}
[debug] [2020-10-09T16:08:29.988Z] [worker-~diagnostic~-9afb3e89-944c-4250-9f3a-d4ed1cbafac5]: Assigning socketPath: \\?\pipe\C:\Users\dell\Documents\PROGRAMMING\3w Academy\amazon-clone\functions\15472 {"metadata":{"emulator":{"name":"functions"},"message":"[worker-~diagnostic~-9afb3e89-944c-4250-9f3a-d4ed1cbafac5]: Assigning socketPath: \\\\?\\pipe\\C:\\Users\\dell\\Documents\\PROGRAMMING\\3w Academy\\amazon-clone\\functions\\15472"}}
[debug] [2020-10-09T16:08:29.988Z] [worker-~diagnostic~-9afb3e89-944c-4250-9f3a-d4ed1cbafac5]: BUSY {"metadata":{"emulator":{"name":"functions"},"message":"[worker-~diagnostic~-9afb3e89-944c-4250-9f3a-d4ed1cbafac5]: BUSY"}}
[debug] [2020-10-09T16:08:29.990Z] [worker-~diagnostic~-6aaaca85-cd81-4247-8eac-9fe53ee0e394]: exited {"metadata":{"emulator":{"name":"functions"},"message":"[worker-~diagnostic~-6aaaca85-cd81-4247-8eac-9fe53ee0e394]: exited"}}
[debug] [2020-10-09T16:08:29.990Z] [worker-~diagnostic~-6aaaca85-cd81-4247-8eac-9fe53ee0e394]: FINISHED {"metadata":{"emulator":{"name":"functions"},"message":"[worker-~diagnostic~-6aaaca85-cd81-4247-8eac-9fe53ee0e394]: FINISHED"}}
[debug] [2020-10-09T16:08:30.404Z] [runtime-status] [15472] Functions runtime initialized. {"cwd":"C:\\Users\\dell\\Documents\\PROGRAMMING\\3w Academy\\amazon-clone\\functions","node_version":"12.18.3"} {"metadata":{"emulator":{"name":"functions"},"message":"[runtime-status] [15472] Functions runtime initialized. {\"cwd\":\"C:\\\\Users\\\\dell\\\\Documents\\\\PROGRAMMING\\\\3w Academy\\\\amazon-clone\\\\functions\",\"node_version\":\"12.18.3\"}"}}
[debug] [2020-10-09T16:08:30.405Z] [runtime-status] [15472] Disabled runtime features: undefined {"metadata":{"emulator":{"name":"functions"},"message":"[runtime-status] [15472] Disabled runtime features: undefined"}}
[debug] [2020-10-09T16:08:30.411Z] [runtime-status] [15472] Resolved module firebase-admin {"declared":true,"installed":true,"version":"8.13.0","resolution":"C:\\Users\\dell\\Documents\\PROGRAMMING\\3w Academy\\amazon-clone\\functions\\node_modules\\firebase-admin\\lib\\index.js"} {"metadata":{"emulator":{"name":"functions"},"message":"[runtime-status] [15472] Resolved module firebase-admin {\"declared\":true,\"installed\":true,\"version\":\"8.13.0\",\"resolution\":\"C:\\\\Users\\\\dell\\\\Documents\\\\PROGRAMMING\\\\3w Academy\\\\amazon-clone\\\\functions\\\\node_modules\\\\firebase-admin\\\\lib\\\\index.js\"}"}}
[debug] [2020-10-09T16:08:30.413Z] [runtime-status] [15472] Resolved module firebase-functions {"declared":true,"installed":true,"version":"3.11.0","resolution":"C:\\Users\\dell\\Documents\\PROGRAMMING\\3w Academy\\amazon-clone\\functions\\node_modules\\firebase-functions\\lib\\index.js"} {"metadata":{"emulator":{"name":"functions"},"message":"[runtime-status] [15472] Resolved module firebase-functions {\"declared\":true,\"installed\":true,\"version\":\"3.11.0\",\"resolution\":\"C:\\\\Users\\\\dell\\\\Documents\\\\PROGRAMMING\\\\3w Academy\\\\amazon-clone\\\\functions\\\\node_modules\\\\firebase-functions\\\\lib\\\\index.js\"}"}}
[debug] [2020-10-09T16:08:30.414Z] [runtime-status] [15472] Resolved module firebase-functions {"declared":true,"installed":true,"version":"3.11.0","resolution":"C:\\Users\\dell\\Documents\\PROGRAMMING\\3w Academy\\amazon-clone\\functions\\node_modules\\firebase-functions\\lib\\index.js"} {"metadata":{"emulator":{"name":"functions"},"message":"[runtime-status] [15472] Resolved module firebase-functions {\"declared\":true,\"installed\":true,\"version\":\"3.11.0\",\"resolution\":\"C:\\\\Users\\\\dell\\\\Documents\\\\PROGRAMMING\\\\3w Academy\\\\amazon-clone\\\\functions\\\\node_modules\\\\firebase-functions\\\\lib\\\\index.js\"}"}}
[debug] [2020-10-09T16:08:30.416Z] [runtime-status] [15472] Outgoing network have been stubbed. [{"name":"http","status":"mocked"},{"name":"http","status":"mocked"},{"name":"https","status":"mocked"},{"name":"https","status":"mocked"},{"name":"net","status":"mocked"}] {"metadata":{"emulator":{"name":"functions"},"message":"[runtime-status] [15472] Outgoing network have been stubbed. [{\"name\":\"http\",\"status\":\"mocked\"},{\"name\":\"http\",\"status\":\"mocked\"},{\"name\":\"https\",\"status\":\"mocked\"},{\"name\":\"https\",\"status\":\"mocked\"},{\"name\":\"net\",\"status\":\"mocked\"}]"}}
[debug] [2020-10-09T16:08:30.416Z] [runtime-status] [15472] Resolved module firebase-functions {"declared":true,"installed":true,"version":"3.11.0","resolution":"C:\\Users\\dell\\Documents\\PROGRAMMING\\3w Academy\\amazon-clone\\functions\\node_modules\\firebase-functions\\lib\\index.js"} {"metadata":{"emulator":{"name":"functions"},"message":"[runtime-status] [15472] Resolved module firebase-functions {\"declared\":true,\"installed\":true,\"version\":\"3.11.0\",\"resolution\":\"C:\\\\Users\\\\dell\\\\Documents\\\\PROGRAMMING\\\\3w Academy\\\\amazon-clone\\\\functions\\\\node_modules\\\\firebase-functions\\\\lib\\\\index.js\"}"}}
[debug] [2020-10-09T16:08:30.460Z] [runtime-status] [15472] Checked functions.config() {"config":{}} {"metadata":{"emulator":{"name":"functions"},"message":"[runtime-status] [15472] Checked functions.config() {\"config\":{}}"}}
[debug] [2020-10-09T16:08:30.461Z] [runtime-status] [15472] firebase-functions has been stubbed. {"functionsResolution":{"declared":true,"installed":true,"version":"3.11.0","resolution":"C:\\Users\\dell\\Documents\\PROGRAMMING\\3w Academy\\amazon-clone\\functions\\node_modules\\firebase-functions\\lib\\index.js"}} {"metadata":{"emulator":{"name":"functions"},"message":"[runtime-status] [15472] firebase-functions has been stubbed. {\"functionsResolution\":{\"declared\":true,\"installed\":true,\"version\":\"3.11.0\",\"resolution\":\"C:\\\\Users\\\\dell\\\\Documents\\\\PROGRAMMING\\\\3w Academy\\\\amazon-clone\\\\functions\\\\node_modules\\\\firebase-functions\\\\lib\\\\index.js\"}}"}}
[debug] [2020-10-09T16:08:30.461Z] [runtime-status] [15472] Resolved module firebase-functions {"declared":true,"installed":true,"version":"3.11.0","resolution":"C:\\Users\\dell\\Documents\\PROGRAMMING\\3w Academy\\amazon-clone\\functions\\node_modules\\firebase-functions\\lib\\index.js"} {"metadata":{"emulator":{"name":"functions"},"message":"[runtime-status] [15472] Resolved module firebase-functions {\"declared\":true,\"installed\":true,\"version\":\"3.11.0\",\"resolution\":\"C:\\\\Users\\\\dell\\\\Documents\\\\PROGRAMMING\\\\3w Academy\\\\amazon-clone\\\\functions\\\\node_modules\\\\firebase-functions\\\\lib\\\\index.js\"}"}}
[debug] [2020-10-09T16:08:30.462Z] [runtime-status] [15472] Resolved module firebase-admin {"declared":true,"installed":true,"version":"8.13.0","resolution":"C:\\Users\\dell\\Documents\\PROGRAMMING\\3w Academy\\amazon-clone\\functions\\node_modules\\firebase-admin\\lib\\index.js"} {"metadata":{"emulator":{"name":"functions"},"message":"[runtime-status] [15472] Resolved module firebase-admin {\"declared\":true,\"installed\":true,\"version\":\"8.13.0\",\"resolution\":\"C:\\\\Users\\\\dell\\\\Documents\\\\PROGRAMMING\\\\3w Academy\\\\amazon-clone\\\\functions\\\\node_modules\\\\firebase-admin\\\\lib\\\\index.js\"}"}}
[debug] [2020-10-09T16:08:30.463Z] [runtime-status] [15472] Resolved module firebase-functions {"declared":true,"installed":true,"version":"3.11.0","resolution":"C:\\Users\\dell\\Documents\\PROGRAMMING\\3w Academy\\amazon-clone\\functions\\node_modules\\firebase-functions\\lib\\index.js"} {"metadata":{"emulator":{"name":"functions"},"message":"[runtime-status] [15472] Resolved module firebase-functions {\"declared\":true,\"installed\":true,\"version\":\"3.11.0\",\"resolution\":\"C:\\\\Users\\\\dell\\\\Documents\\\\PROGRAMMING\\\\3w Academy\\\\amazon-clone\\\\functions\\\\node_modules\\\\firebase-functions\\\\lib\\\\index.js\"}"}}
[debug] [2020-10-09T16:08:30.463Z] [runtime-status] [15472] firebase-admin has been stubbed. {"adminResolution":{"declared":true,"installed":true,"version":"8.13.0","resolution":"C:\\Users\\dell\\Documents\\PROGRAMMING\\3w Academy\\amazon-clone\\functions\\node_modules\\firebase-admin\\lib\\index.js"}} {"metadata":{"emulator":{"name":"functions"},"message":"[runtime-status] [15472] firebase-admin has been stubbed. {\"adminResolution\":{\"declared\":true,\"installed\":true,\"version\":\"8.13.0\",\"resolution\":\"C:\\\\Users\\\\dell\\\\Documents\\\\PROGRAMMING\\\\3w Academy\\\\amazon-clone\\\\functions\\\\node_modules\\\\firebase-admin\\\\lib\\\\index.js\"}}"}}
[debug] [2020-10-09T16:08:30.687Z] [worker-~diagnostic~-9afb3e89-944c-4250-9f3a-d4ed1cbafac5]: IDLE {"metadata":{"emulator":{"name":"functions"},"message":"[worker-~diagnostic~-9afb3e89-944c-4250-9f3a-d4ed1cbafac5]: IDLE"}}
[debug] [2020-10-09T16:10:28.682Z] [work-queue] {"queueLength":1,"workRunningCount":0}
[debug] [2020-10-09T16:10:28.682Z] [work-queue] {"queueLength":0,"workRunningCount":1}
[debug] [2020-10-09T16:10:28.683Z] Accepted request GET /clone-e5f47/us-central1/api --> api
[debug] [2020-10-09T16:10:28.684Z] [worker-pool] Cleaned up workers for ~diagnostic~: 2 --> 1 {"metadata":{"emulator":{"name":"functions"},"message":"[worker-pool] Cleaned up workers for ~diagnostic~: 2 --> 1"}}
[debug] [2020-10-09T16:10:28.690Z] [worker-pool] addWorker(api) {"metadata":{"emulator":{"name":"functions"},"message":"[worker-pool] addWorker(api)"}}
[debug] [2020-10-09T16:10:28.691Z] [worker-pool] Adding worker with key api, total=1 {"metadata":{"emulator":{"name":"functions"},"message":"[worker-pool] Adding worker with key api, total=1"}}
[debug] [2020-10-09T16:10:28.691Z] [worker-pool] submitWork(triggerId=api) {"metadata":{"emulator":{"name":"functions"},"message":"[worker-pool] submitWork(triggerId=api)"}}
[debug] [2020-10-09T16:10:28.692Z] [worker-api-22328f9f-6d66-4bcb-ab9f-936a9ed84593]: Assigning socketPath: \\?\pipe\C:\Users\dell\Documents\PROGRAMMING\3w Academy\amazon-clone\functions\2436 {"metadata":{"emulator":{"name":"functions"},"message":"[worker-api-22328f9f-6d66-4bcb-ab9f-936a9ed84593]: Assigning socketPath: \\\\?\\pipe\\C:\\Users\\dell\\Documents\\PROGRAMMING\\3w Academy\\amazon-clone\\functions\\2436"}}
[debug] [2020-10-09T16:10:28.692Z] [worker-api-22328f9f-6d66-4bcb-ab9f-936a9ed84593]: BUSY {"metadata":{"emulator":{"name":"functions"},"message":"[worker-api-22328f9f-6d66-4bcb-ab9f-936a9ed84593]: BUSY"}}
[debug] [2020-10-09T16:10:29.088Z] [runtime-status] [2436] Functions runtime initialized. {"cwd":"C:\\Users\\dell\\Documents\\PROGRAMMING\\3w Academy\\amazon-clone\\functions","node_version":"12.18.3"} {"metadata":{"emulator":{"name":"functions"},"function":{"name":"api"},"message":"[runtime-status] [2436] Functions runtime initialized. {\"cwd\":\"C:\\\\Users\\\\dell\\\\Documents\\\\PROGRAMMING\\\\3w Academy\\\\amazon-clone\\\\functions\",\"node_version\":\"12.18.3\"}"}}
[debug] [2020-10-09T16:10:29.090Z] [runtime-status] [2436] Disabled runtime features: undefined {"metadata":{"emulator":{"name":"functions"},"function":{"name":"api"},"message":"[runtime-status] [2436] Disabled runtime features: undefined"}}
[debug] [2020-10-09T16:10:29.097Z] [runtime-status] [2436] Resolved module firebase-admin {"declared":true,"installed":true,"version":"8.13.0","resolution":"C:\\Users\\dell\\Documents\\PROGRAMMING\\3w Academy\\amazon-clone\\functions\\node_modules\\firebase-admin\\lib\\index.js"} {"metadata":{"emulator":{"name":"functions"},"function":{"name":"api"},"message":"[runtime-status] [2436] Resolved module firebase-admin {\"declared\":true,\"installed\":true,\"version\":\"8.13.0\",\"resolution\":\"C:\\\\Users\\\\dell\\\\Documents\\\\PROGRAMMING\\\\3w Academy\\\\amazon-clone\\\\functions\\\\node_modules\\\\firebase-admin\\\\lib\\\\index.js\"}"}}
[debug] [2020-10-09T16:10:29.099Z] [runtime-status] [2436] Resolved module firebase-functions {"declared":true,"installed":true,"version":"3.11.0","resolution":"C:\\Users\\dell\\Documents\\PROGRAMMING\\3w Academy\\amazon-clone\\functions\\node_modules\\firebase-functions\\lib\\index.js"} {"metadata":{"emulator":{"name":"functions"},"function":{"name":"api"},"message":"[runtime-status] [2436] Resolved module firebase-functions {\"declared\":true,\"installed\":true,\"version\":\"3.11.0\",\"resolution\":\"C:\\\\Users\\\\dell\\\\Documents\\\\PROGRAMMING\\\\3w Academy\\\\amazon-clone\\\\functions\\\\node_modules\\\\firebase-functions\\\\lib\\\\index.js\"}"}}
[debug] [2020-10-09T16:10:29.100Z] [runtime-status] [2436] Resolved module firebase-functions {"declared":true,"installed":true,"version":"3.11.0","resolution":"C:\\Users\\dell\\Documents\\PROGRAMMING\\3w Academy\\amazon-clone\\functions\\node_modules\\firebase-functions\\lib\\index.js"} {"metadata":{"emulator":{"name":"functions"},"function":{"name":"api"},"message":"[runtime-status] [2436] Resolved module firebase-functions {\"declared\":true,\"installed\":true,\"version\":\"3.11.0\",\"resolution\":\"C:\\\\Users\\\\dell\\\\Documents\\\\PROGRAMMING\\\\3w Academy\\\\amazon-clone\\\\functions\\\\node_modules\\\\firebase-functions\\\\lib\\\\index.js\"}"}}
[debug] [2020-10-09T16:10:29.102Z] [runtime-status] [2436] Outgoing network have been stubbed. [{"name":"http","status":"mocked"},{"name":"http","status":"mocked"},{"name":"https","status":"mocked"},{"name":"https","status":"mocked"},{"name":"net","status":"mocked"}] {"metadata":{"emulator":{"name":"functions"},"function":{"name":"api"},"message":"[runtime-status] [2436] Outgoing network have been stubbed. [{\"name\":\"http\",\"status\":\"mocked\"},{\"name\":\"http\",\"status\":\"mocked\"},{\"name\":\"https\",\"status\":\"mocked\"},{\"name\":\"https\",\"status\":\"mocked\"},{\"name\":\"net\",\"status\":\"mocked\"}]"}}
[debug] [2020-10-09T16:10:29.103Z] [runtime-status] [2436] Resolved module firebase-functions {"declared":true,"installed":true,"version":"3.11.0","resolution":"C:\\Users\\dell\\Documents\\PROGRAMMING\\3w Academy\\amazon-clone\\functions\\node_modules\\firebase-functions\\lib\\index.js"} {"metadata":{"emulator":{"name":"functions"},"function":{"name":"api"},"message":"[runtime-status] [2436] Resolved module firebase-functions {\"declared\":true,\"installed\":true,\"version\":\"3.11.0\",\"resolution\":\"C:\\\\Users\\\\dell\\\\Documents\\\\PROGRAMMING\\\\3w Academy\\\\amazon-clone\\\\functions\\\\node_modules\\\\firebase-functions\\\\lib\\\\index.js\"}"}}
[debug] [2020-10-09T16:10:29.151Z] [runtime-status] [2436] Checked functions.config() {"config":{}} {"metadata":{"emulator":{"name":"functions"},"function":{"name":"api"},"message":"[runtime-status] [2436] Checked functions.config() {\"config\":{}}"}}
[debug] [2020-10-09T16:10:29.151Z] [runtime-status] [2436] firebase-functions has been stubbed. {"functionsResolution":{"declared":true,"installed":true,"version":"3.11.0","resolution":"C:\\Users\\dell\\Documents\\PROGRAMMING\\3w Academy\\amazon-clone\\functions\\node_modules\\firebase-functions\\lib\\index.js"}} {"metadata":{"emulator":{"name":"functions"},"function":{"name":"api"},"message":"[runtime-status] [2436] firebase-functions has been stubbed. {\"functionsResolution\":{\"declared\":true,\"installed\":true,\"version\":\"3.11.0\",\"resolution\":\"C:\\\\Users\\\\dell\\\\Documents\\\\PROGRAMMING\\\\3w Academy\\\\amazon-clone\\\\functions\\\\node_modules\\\\firebase-functions\\\\lib\\\\index.js\"}}"}}
[debug] [2020-10-09T16:10:29.152Z] [runtime-status] [2436] Resolved module firebase-functions {"declared":true,"installed":true,"version":"3.11.0","resolution":"C:\\Users\\dell\\Documents\\PROGRAMMING\\3w Academy\\amazon-clone\\functions\\node_modules\\firebase-functions\\lib\\index.js"} {"metadata":{"emulator":{"name":"functions"},"function":{"name":"api"},"message":"[runtime-status] [2436] Resolved module firebase-functions {\"declared\":true,\"installed\":true,\"version\":\"3.11.0\",\"resolution\":\"C:\\\\Users\\\\dell\\\\Documents\\\\PROGRAMMING\\\\3w Academy\\\\amazon-clone\\\\functions\\\\node_modules\\\\firebase-functions\\\\lib\\\\index.js\"}"}}
[debug] [2020-10-09T16:10:29.153Z] [runtime-status] [2436] Resolved module firebase-admin {"declared":true,"installed":true,"version":"8.13.0","resolution":"C:\\Users\\dell\\Documents\\PROGRAMMING\\3w Academy\\amazon-clone\\functions\\node_modules\\firebase-admin\\lib\\index.js"} {"metadata":{"emulator":{"name":"functions"},"function":{"name":"api"},"message":"[runtime-status] [2436] Resolved module firebase-admin {\"declared\":true,\"installed\":true,\"version\":\"8.13.0\",\"resolution\":\"C:\\\\Users\\\\dell\\\\Documents\\\\PROGRAMMING\\\\3w Academy\\\\amazon-clone\\\\functions\\\\node_modules\\\\firebase-admin\\\\lib\\\\index.js\"}"}}
[debug] [2020-10-09T16:10:29.154Z] [runtime-status] [2436] Resolved module firebase-functions {"declared":true,"installed":true,"version":"3.11.0","resolution":"C:\\Users\\dell\\Documents\\PROGRAMMING\\3w Academy\\amazon-clone\\functions\\node_modules\\firebase-functions\\lib\\index.js"} {"metadata":{"emulator":{"name":"functions"},"function":{"name":"api"},"message":"[runtime-status] [2436] Resolved module firebase-functions {\"declared\":true,\"installed\":true,\"version\":\"3.11.0\",\"resolution\":\"C:\\\\Users\\\\dell\\\\Documents\\\\PROGRAMMING\\\\3w Academy\\\\amazon-clone\\\\functions\\\\node_modules\\\\firebase-functions\\\\lib\\\\index.js\"}"}}
[debug] [2020-10-09T16:10:29.154Z] [runtime-status] [2436] firebase-admin has been stubbed. {"adminResolution":{"declared":true,"installed":true,"version":"8.13.0","resolution":"C:\\Users\\dell\\Documents\\PROGRAMMING\\3w Academy\\amazon-clone\\functions\\node_modules\\firebase-admin\\lib\\index.js"}} {"metadata":{"emulator":{"name":"functions"},"function":{"name":"api"},"message":"[runtime-status] [2436] firebase-admin has been stubbed. {\"adminResolution\":{\"declared\":true,\"installed\":true,\"version\":\"8.13.0\",\"resolution\":\"C:\\\\Users\\\\dell\\\\Documents\\\\PROGRAMMING\\\\3w Academy\\\\amazon-clone\\\\functions\\\\node_modules\\\\firebase-admin\\\\lib\\\\index.js\"}}"}}
[debug] [2020-10-09T16:10:29.306Z] [runtime-status] [2436] Trigger "api" has been found, beginning invocation! {"metadata":{"emulator":{"name":"functions"},"function":{"name":"api"},"message":"[runtime-status] [2436] Trigger \"api\" has been found, beginning invocation!"}}
[info] i  functions: Beginning execution of "api" {"metadata":{"emulator":{"name":"functions"},"function":{"name":"api"},"message":"Beginning execution of \"api\""}}
[debug] [2020-10-09T16:10:29.307Z] [runtime-status] [2436] triggerDefinition {"httpsTrigger":{},"name":"api","entryPoint":"api"} {"metadata":{"emulator":{"name":"functions"},"function":{"name":"api"},"message":"[runtime-status] [2436] triggerDefinition {\"httpsTrigger\":{},\"name\":\"api\",\"entryPoint\":\"api\"}"}}
[debug] [2020-10-09T16:10:29.308Z] [runtime-status] [2436] Running api in mode HTTPS {"metadata":{"emulator":{"name":"functions"},"function":{"name":"api"},"message":"[runtime-status] [2436] Running api in mode HTTPS"}}
[debug] [2020-10-09T16:10:29.310Z] [runtime-status] [2436] Attempting to listen to socketPath: \\?\pipe\C:\Users\dell\Documents\PROGRAMMING\3w Academy\amazon-clone\functions\2436 {"metadata":{"emulator":{"name":"functions"},"function":{"name":"api"},"message":"[runtime-status] [2436] Attempting to listen to socketPath: \\\\?\\pipe\\C:\\Users\\dell\\Documents\\PROGRAMMING\\3w Academy\\amazon-clone\\functions\\2436"}}
[debug] [2020-10-09T16:10:29.312Z] [functions] Runtime ready! Sending request! {"metadata":{"emulator":{"name":"functions"},"message":"[functions] Runtime ready! Sending request!"}}
[debug] [2020-10-09T16:10:29.319Z] [runtime-status] [2436] Ephemeral server handling GET request {"metadata":{"emulator":{"name":"functions"},"function":{"name":"api"},"message":"[runtime-status] [2436] Ephemeral server handling GET request"}}
[debug] [2020-10-09T16:10:29.324Z] [runtime-status] [2436] Ephemeral server survived. {"metadata":{"emulator":{"name":"functions"},"function":{"name":"api"},"message":"[runtime-status] [2436] Ephemeral server survived."}}
[info] i  functions: Finished "api" in ~1s {"metadata":{"emulator":{"name":"functions"},"function":{"name":"api"},"message":"Finished \"api\" in ~1s"}}
[debug] [2020-10-09T16:10:29.327Z] [worker-api-22328f9f-6d66-4bcb-ab9f-936a9ed84593]: IDLE {"metadata":{"emulator":{"name":"functions"},"message":"[worker-api-22328f9f-6d66-4bcb-ab9f-936a9ed84593]: IDLE"}}
[debug] [2020-10-09T16:10:29.327Z] [work-queue] {"queueLength":0,"workRunningCount":0}
[debug] [2020-10-09T16:10:29.366Z] Functions emulator received unknown request at path /favicon.ico
[debug] [2020-10-09T16:10:45.490Z] File C:\Users\dell\Documents\PROGRAMMING\3w Academy\amazon-clone\functions\index.js changed, reloading triggers {"metadata":{"emulator":{"name":"functions"},"message":"File C:\\Users\\dell\\Documents\\PROGRAMMING\\3w Academy\\amazon-clone\\functions\\index.js changed, reloading triggers"}}
[debug] [2020-10-09T16:10:46.492Z] [worker-pool] Shutting down IDLE worker (~diagnostic~) {"metadata":{"emulator":{"name":"functions"},"message":"[worker-pool] Shutting down IDLE worker (~diagnostic~)"}}
[debug] [2020-10-09T16:10:46.492Z] [worker-~diagnostic~-9afb3e89-944c-4250-9f3a-d4ed1cbafac5]: FINISHING {"metadata":{"emulator":{"name":"functions"},"message":"[worker-~diagnostic~-9afb3e89-944c-4250-9f3a-d4ed1cbafac5]: FINISHING"}}
[debug] [2020-10-09T16:10:46.493Z] [worker-pool] Shutting down IDLE worker (api) {"metadata":{"emulator":{"name":"functions"},"message":"[worker-pool] Shutting down IDLE worker (api)"}}
[debug] [2020-10-09T16:10:46.493Z] [worker-api-22328f9f-6d66-4bcb-ab9f-936a9ed84593]: FINISHING {"metadata":{"emulator":{"name":"functions"},"message":"[worker-api-22328f9f-6d66-4bcb-ab9f-936a9ed84593]: FINISHING"}}
[debug] [2020-10-09T16:10:46.498Z] [worker-pool] addWorker(~diagnostic~) {"metadata":{"emulator":{"name":"functions"},"message":"[worker-pool] addWorker(~diagnostic~)"}}
[debug] [2020-10-09T16:10:46.499Z] [worker-pool] Adding worker with key ~diagnostic~, total=2 {"metadata":{"emulator":{"name":"functions"},"message":"[worker-pool] Adding worker with key ~diagnostic~, total=2"}}
[debug] [2020-10-09T16:10:46.499Z] [worker-pool] submitWork(triggerId=) {"metadata":{"emulator":{"name":"functions"},"message":"[worker-pool] submitWork(triggerId=)"}}
[debug] [2020-10-09T16:10:46.502Z] [worker-~diagnostic~-83db7c66-490a-4337-b39c-0ac9b19e8289]: Assigning socketPath: \\?\pipe\C:\Users\dell\Documents\PROGRAMMING\3w Academy\amazon-clone\functions\14468 {"metadata":{"emulator":{"name":"functions"},"message":"[worker-~diagnostic~-83db7c66-490a-4337-b39c-0ac9b19e8289]: Assigning socketPath: \\\\?\\pipe\\C:\\Users\\dell\\Documents\\PROGRAMMING\\3w Academy\\amazon-clone\\functions\\14468"}}
[debug] [2020-10-09T16:10:46.502Z] [worker-~diagnostic~-83db7c66-490a-4337-b39c-0ac9b19e8289]: BUSY {"metadata":{"emulator":{"name":"functions"},"message":"[worker-~diagnostic~-83db7c66-490a-4337-b39c-0ac9b19e8289]: BUSY"}}
[debug] [2020-10-09T16:10:46.503Z] [worker-~diagnostic~-9afb3e89-944c-4250-9f3a-d4ed1cbafac5]: exited {"metadata":{"emulator":{"name":"functions"},"message":"[worker-~diagnostic~-9afb3e89-944c-4250-9f3a-d4ed1cbafac5]: exited"}}
[debug] [2020-10-09T16:10:46.503Z] [worker-~diagnostic~-9afb3e89-944c-4250-9f3a-d4ed1cbafac5]: FINISHED {"metadata":{"emulator":{"name":"functions"},"message":"[worker-~diagnostic~-9afb3e89-944c-4250-9f3a-d4ed1cbafac5]: FINISHED"}}
[debug] [2020-10-09T16:10:46.503Z] [worker-api-22328f9f-6d66-4bcb-ab9f-936a9ed84593]: exited {"metadata":{"emulator":{"name":"functions"},"message":"[worker-api-22328f9f-6d66-4bcb-ab9f-936a9ed84593]: exited"}}
[debug] [2020-10-09T16:10:46.503Z] [worker-api-22328f9f-6d66-4bcb-ab9f-936a9ed84593]: FINISHED {"metadata":{"emulator":{"name":"functions"},"message":"[worker-api-22328f9f-6d66-4bcb-ab9f-936a9ed84593]: FINISHED"}}
[debug] [2020-10-09T16:10:46.952Z] [runtime-status] [14468] Functions runtime initialized. {"cwd":"C:\\Users\\dell\\Documents\\PROGRAMMING\\3w Academy\\amazon-clone\\functions","node_version":"12.18.3"} {"metadata":{"emulator":{"name":"functions"},"message":"[runtime-status] [14468] Functions runtime initialized. {\"cwd\":\"C:\\\\Users\\\\dell\\\\Documents\\\\PROGRAMMING\\\\3w Academy\\\\amazon-clone\\\\functions\",\"node_version\":\"12.18.3\"}"}}
[debug] [2020-10-09T16:10:46.954Z] [runtime-status] [14468] Disabled runtime features: undefined {"metadata":{"emulator":{"name":"functions"},"message":"[runtime-status] [14468] Disabled runtime features: undefined"}}
[debug] [2020-10-09T16:10:46.962Z] [runtime-status] [14468] Resolved module firebase-admin {"declared":true,"installed":true,"version":"8.13.0","resolution":"C:\\Users\\dell\\Documents\\PROGRAMMING\\3w Academy\\amazon-clone\\functions\\node_modules\\firebase-admin\\lib\\index.js"} {"metadata":{"emulator":{"name":"functions"},"message":"[runtime-status] [14468] Resolved module firebase-admin {\"declared\":true,\"installed\":true,\"version\":\"8.13.0\",\"resolution\":\"C:\\\\Users\\\\dell\\\\Documents\\\\PROGRAMMING\\\\3w Academy\\\\amazon-clone\\\\functions\\\\node_modules\\\\firebase-admin\\\\lib\\\\index.js\"}"}}
[debug] [2020-10-09T16:10:46.965Z] [runtime-status] [14468] Resolved module firebase-functions {"declared":true,"installed":true,"version":"3.11.0","resolution":"C:\\Users\\dell\\Documents\\PROGRAMMING\\3w Academy\\amazon-clone\\functions\\node_modules\\firebase-functions\\lib\\index.js"} {"metadata":{"emulator":{"name":"functions"},"message":"[runtime-status] [14468] Resolved module firebase-functions {\"declared\":true,\"installed\":true,\"version\":\"3.11.0\",\"resolution\":\"C:\\\\Users\\\\dell\\\\Documents\\\\PROGRAMMING\\\\3w Academy\\\\amazon-clone\\\\functions\\\\node_modules\\\\firebase-functions\\\\lib\\\\index.js\"}"}}
[debug] [2020-10-09T16:10:46.967Z] [runtime-status] [14468] Resolved module firebase-functions {"declared":true,"installed":true,"version":"3.11.0","resolution":"C:\\Users\\dell\\Documents\\PROGRAMMING\\3w Academy\\amazon-clone\\functions\\node_modules\\firebase-functions\\lib\\index.js"} {"metadata":{"emulator":{"name":"functions"},"message":"[runtime-status] [14468] Resolved module firebase-functions {\"declared\":true,\"installed\":true,\"version\":\"3.11.0\",\"resolution\":\"C:\\\\Users\\\\dell\\\\Documents\\\\PROGRAMMING\\\\3w Academy\\\\amazon-clone\\\\functions\\\\node_modules\\\\firebase-functions\\\\lib\\\\index.js\"}"}}
[debug] [2020-10-09T16:10:46.970Z] [runtime-status] [14468] Outgoing network have been stubbed. [{"name":"http","status":"mocked"},{"name":"http","status":"mocked"},{"name":"https","status":"mocked"},{"name":"https","status":"mocked"},{"name":"net","status":"mocked"}] {"metadata":{"emulator":{"name":"functions"},"message":"[runtime-status] [14468] Outgoing network have been stubbed. [{\"name\":\"http\",\"status\":\"mocked\"},{\"name\":\"http\",\"status\":\"mocked\"},{\"name\":\"https\",\"status\":\"mocked\"},{\"name\":\"https\",\"status\":\"mocked\"},{\"name\":\"net\",\"status\":\"mocked\"}]"}}
[debug] [2020-10-09T16:10:46.971Z] [runtime-status] [14468] Resolved module firebase-functions {"declared":true,"installed":true,"version":"3.11.0","resolution":"C:\\Users\\dell\\Documents\\PROGRAMMING\\3w Academy\\amazon-clone\\functions\\node_modules\\firebase-functions\\lib\\index.js"} {"metadata":{"emulator":{"name":"functions"},"message":"[runtime-status] [14468] Resolved module firebase-functions {\"declared\":true,\"installed\":true,\"version\":\"3.11.0\",\"resolution\":\"C:\\\\Users\\\\dell\\\\Documents\\\\PROGRAMMING\\\\3w Academy\\\\amazon-clone\\\\functions\\\\node_modules\\\\firebase-functions\\\\lib\\\\index.js\"}"}}
[debug] [2020-10-09T16:10:47.012Z] [runtime-status] [14468] Checked functions.config() {"config":{}} {"metadata":{"emulator":{"name":"functions"},"message":"[runtime-status] [14468] Checked functions.config() {\"config\":{}}"}}
[debug] [2020-10-09T16:10:47.012Z] [runtime-status] [14468] firebase-functions has been stubbed. {"functionsResolution":{"declared":true,"installed":true,"version":"3.11.0","resolution":"C:\\Users\\dell\\Documents\\PROGRAMMING\\3w Academy\\amazon-clone\\functions\\node_modules\\firebase-functions\\lib\\index.js"}} {"metadata":{"emulator":{"name":"functions"},"message":"[runtime-status] [14468] firebase-functions has been stubbed. {\"functionsResolution\":{\"declared\":true,\"installed\":true,\"version\":\"3.11.0\",\"resolution\":\"C:\\\\Users\\\\dell\\\\Documents\\\\PROGRAMMING\\\\3w Academy\\\\amazon-clone\\\\functions\\\\node_modules\\\\firebase-functions\\\\lib\\\\index.js\"}}"}}
[debug] [2020-10-09T16:10:47.012Z] [runtime-status] [14468] Resolved module firebase-functions {"declared":true,"installed":true,"version":"3.11.0","resolution":"C:\\Users\\dell\\Documents\\PROGRAMMING\\3w Academy\\amazon-clone\\functions\\node_modules\\firebase-functions\\lib\\index.js"} {"metadata":{"emulator":{"name":"functions"},"message":"[runtime-status] [14468] Resolved module firebase-functions {\"declared\":true,\"installed\":true,\"version\":\"3.11.0\",\"resolution\":\"C:\\\\Users\\\\dell\\\\Documents\\\\PROGRAMMING\\\\3w Academy\\\\amazon-clone\\\\functions\\\\node_modules\\\\firebase-functions\\\\lib\\\\index.js\"}"}}
[debug] [2020-10-09T16:10:47.013Z] [runtime-status] [14468] Resolved module firebase-admin {"declared":true,"installed":true,"version":"8.13.0","resolution":"C:\\Users\\dell\\Documents\\PROGRAMMING\\3w Academy\\amazon-clone\\functions\\node_modules\\firebase-admin\\lib\\index.js"} {"metadata":{"emulator":{"name":"functions"},"message":"[runtime-status] [14468] Resolved module firebase-admin {\"declared\":true,\"installed\":true,\"version\":\"8.13.0\",\"resolution\":\"C:\\\\Users\\\\dell\\\\Documents\\\\PROGRAMMING\\\\3w Academy\\\\amazon-clone\\\\functions\\\\node_modules\\\\firebase-admin\\\\lib\\\\index.js\"}"}}
[debug] [2020-10-09T16:10:47.014Z] [runtime-status] [14468] Resolved module firebase-functions {"declared":true,"installed":true,"version":"3.11.0","resolution":"C:\\Users\\dell\\Documents\\PROGRAMMING\\3w Academy\\amazon-clone\\functions\\node_modules\\firebase-functions\\lib\\index.js"} {"metadata":{"emulator":{"name":"functions"},"message":"[runtime-status] [14468] Resolved module firebase-functions {\"declared\":true,\"installed\":true,\"version\":\"3.11.0\",\"resolution\":\"C:\\\\Users\\\\dell\\\\Documents\\\\PROGRAMMING\\\\3w Academy\\\\amazon-clone\\\\functions\\\\node_modules\\\\firebase-functions\\\\lib\\\\index.js\"}"}}
[debug] [2020-10-09T16:10:47.014Z] [runtime-status] [14468] firebase-admin has been stubbed. {"adminResolution":{"declared":true,"installed":true,"version":"8.13.0","resolution":"C:\\Users\\dell\\Documents\\PROGRAMMING\\3w Academy\\amazon-clone\\functions\\node_modules\\firebase-admin\\lib\\index.js"}} {"metadata":{"emulator":{"name":"functions"},"message":"[runtime-status] [14468] firebase-admin has been stubbed. {\"adminResolution\":{\"declared\":true,\"installed\":true,\"version\":\"8.13.0\",\"resolution\":\"C:\\\\Users\\\\dell\\\\Documents\\\\PROGRAMMING\\\\3w Academy\\\\amazon-clone\\\\functions\\\\node_modules\\\\firebase-admin\\\\lib\\\\index.js\"}}"}}
[debug] [2020-10-09T16:10:47.164Z] [worker-~diagnostic~-83db7c66-490a-4337-b39c-0ac9b19e8289]: IDLE {"metadata":{"emulator":{"name":"functions"},"message":"[worker-~diagnostic~-83db7c66-490a-4337-b39c-0ac9b19e8289]: IDLE"}}
[debug] [2020-10-09T16:25:12.144Z] File C:\Users\dell\Documents\PROGRAMMING\3w Academy\amazon-clone\functions\index.js changed, reloading triggers {"metadata":{"emulator":{"name":"functions"},"message":"File C:\\Users\\dell\\Documents\\PROGRAMMING\\3w Academy\\amazon-clone\\functions\\index.js changed, reloading triggers"}}
[debug] [2020-10-09T16:25:13.145Z] [worker-pool] Shutting down IDLE worker (~diagnostic~) {"metadata":{"emulator":{"name":"functions"},"message":"[worker-pool] Shutting down IDLE worker (~diagnostic~)"}}
[debug] [2020-10-09T16:25:13.145Z] [worker-~diagnostic~-83db7c66-490a-4337-b39c-0ac9b19e8289]: FINISHING {"metadata":{"emulator":{"name":"functions"},"message":"[worker-~diagnostic~-83db7c66-490a-4337-b39c-0ac9b19e8289]: FINISHING"}}
[debug] [2020-10-09T16:25:13.146Z] [worker-pool] Cleaned up workers for ~diagnostic~: 2 --> 1 {"metadata":{"emulator":{"name":"functions"},"message":"[worker-pool] Cleaned up workers for ~diagnostic~: 2 --> 1"}}
[debug] [2020-10-09T16:25:13.146Z] [worker-pool] Cleaned up workers for api: 1 --> 0 {"metadata":{"emulator":{"name":"functions"},"message":"[worker-pool] Cleaned up workers for api: 1 --> 0"}}
[debug] [2020-10-09T16:25:13.149Z] [worker-pool] addWorker(~diagnostic~) {"metadata":{"emulator":{"name":"functions"},"message":"[worker-pool] addWorker(~diagnostic~)"}}
[debug] [2020-10-09T16:25:13.149Z] [worker-pool] Adding worker with key ~diagnostic~, total=2 {"metadata":{"emulator":{"name":"functions"},"message":"[worker-pool] Adding worker with key ~diagnostic~, total=2"}}
[debug] [2020-10-09T16:25:13.149Z] [worker-pool] submitWork(triggerId=) {"metadata":{"emulator":{"name":"functions"},"message":"[worker-pool] submitWork(triggerId=)"}}
[debug] [2020-10-09T16:25:13.149Z] [worker-~diagnostic~-3f3cde47-978c-42c2-89b3-c90d2570b590]: Assigning socketPath: \\?\pipe\C:\Users\dell\Documents\PROGRAMMING\3w Academy\amazon-clone\functions\11392 {"metadata":{"emulator":{"name":"functions"},"message":"[worker-~diagnostic~-3f3cde47-978c-42c2-89b3-c90d2570b590]: Assigning socketPath: \\\\?\\pipe\\C:\\Users\\dell\\Documents\\PROGRAMMING\\3w Academy\\amazon-clone\\functions\\11392"}}
[debug] [2020-10-09T16:25:13.149Z] [worker-~diagnostic~-3f3cde47-978c-42c2-89b3-c90d2570b590]: BUSY {"metadata":{"emulator":{"name":"functions"},"message":"[worker-~diagnostic~-3f3cde47-978c-42c2-89b3-c90d2570b590]: BUSY"}}
[debug] [2020-10-09T16:25:13.152Z] [worker-~diagnostic~-83db7c66-490a-4337-b39c-0ac9b19e8289]: exited {"metadata":{"emulator":{"name":"functions"},"message":"[worker-~diagnostic~-83db7c66-490a-4337-b39c-0ac9b19e8289]: exited"}}
[debug] [2020-10-09T16:25:13.152Z] [worker-~diagnostic~-83db7c66-490a-4337-b39c-0ac9b19e8289]: FINISHED {"metadata":{"emulator":{"name":"functions"},"message":"[worker-~diagnostic~-83db7c66-490a-4337-b39c-0ac9b19e8289]: FINISHED"}}
[debug] [2020-10-09T16:25:13.560Z] [runtime-status] [11392] Functions runtime initialized. {"cwd":"C:\\Users\\dell\\Documents\\PROGRAMMING\\3w Academy\\amazon-clone\\functions","node_version":"12.18.3"} {"metadata":{"emulator":{"name":"functions"},"message":"[runtime-status] [11392] Functions runtime initialized. {\"cwd\":\"C:\\\\Users\\\\dell\\\\Documents\\\\PROGRAMMING\\\\3w Academy\\\\amazon-clone\\\\functions\",\"node_version\":\"12.18.3\"}"}}
[debug] [2020-10-09T16:25:13.561Z] [runtime-status] [11392] Disabled runtime features: undefined {"metadata":{"emulator":{"name":"functions"},"message":"[runtime-status] [11392] Disabled runtime features: undefined"}}
[debug] [2020-10-09T16:25:13.565Z] [runtime-status] [11392] Resolved module firebase-admin {"declared":true,"installed":true,"version":"8.13.0","resolution":"C:\\Users\\dell\\Documents\\PROGRAMMING\\3w Academy\\amazon-clone\\functions\\node_modules\\firebase-admin\\lib\\index.js"} {"metadata":{"emulator":{"name":"functions"},"message":"[runtime-status] [11392] Resolved module firebase-admin {\"declared\":true,\"installed\":true,\"version\":\"8.13.0\",\"resolution\":\"C:\\\\Users\\\\dell\\\\Documents\\\\PROGRAMMING\\\\3w Academy\\\\amazon-clone\\\\functions\\\\node_modules\\\\firebase-admin\\\\lib\\\\index.js\"}"}}
[debug] [2020-10-09T16:25:13.569Z] [runtime-status] [11392] Resolved module firebase-functions {"declared":true,"installed":true,"version":"3.11.0","resolution":"C:\\Users\\dell\\Documents\\PROGRAMMING\\3w Academy\\amazon-clone\\functions\\node_modules\\firebase-functions\\lib\\index.js"} {"metadata":{"emulator":{"name":"functions"},"message":"[runtime-status] [11392] Resolved module firebase-functions {\"declared\":true,\"installed\":true,\"version\":\"3.11.0\",\"resolution\":\"C:\\\\Users\\\\dell\\\\Documents\\\\PROGRAMMING\\\\3w Academy\\\\amazon-clone\\\\functions\\\\node_modules\\\\firebase-functions\\\\lib\\\\index.js\"}"}}
[debug] [2020-10-09T16:25:13.570Z] [runtime-status] [11392] Resolved module firebase-functions {"declared":true,"installed":true,"version":"3.11.0","resolution":"C:\\Users\\dell\\Documents\\PROGRAMMING\\3w Academy\\amazon-clone\\functions\\node_modules\\firebase-functions\\lib\\index.js"} {"metadata":{"emulator":{"name":"functions"},"message":"[runtime-status] [11392] Resolved module firebase-functions {\"declared\":true,\"installed\":true,\"version\":\"3.11.0\",\"resolution\":\"C:\\\\Users\\\\dell\\\\Documents\\\\PROGRAMMING\\\\3w Academy\\\\amazon-clone\\\\functions\\\\node_modules\\\\firebase-functions\\\\lib\\\\index.js\"}"}}
[debug] [2020-10-09T16:25:13.572Z] [runtime-status] [11392] Outgoing network have been stubbed. [{"name":"http","status":"mocked"},{"name":"http","status":"mocked"},{"name":"https","status":"mocked"},{"name":"https","status":"mocked"},{"name":"net","status":"mocked"}] {"metadata":{"emulator":{"name":"functions"},"message":"[runtime-status] [11392] Outgoing network have been stubbed. [{\"name\":\"http\",\"status\":\"mocked\"},{\"name\":\"http\",\"status\":\"mocked\"},{\"name\":\"https\",\"status\":\"mocked\"},{\"name\":\"https\",\"status\":\"mocked\"},{\"name\":\"net\",\"status\":\"mocked\"}]"}}
[debug] [2020-10-09T16:25:13.572Z] [runtime-status] [11392] Resolved module firebase-functions {"declared":true,"installed":true,"version":"3.11.0","resolution":"C:\\Users\\dell\\Documents\\PROGRAMMING\\3w Academy\\amazon-clone\\functions\\node_modules\\firebase-functions\\lib\\index.js"} {"metadata":{"emulator":{"name":"functions"},"message":"[runtime-status] [11392] Resolved module firebase-functions {\"declared\":true,\"installed\":true,\"version\":\"3.11.0\",\"resolution\":\"C:\\\\Users\\\\dell\\\\Documents\\\\PROGRAMMING\\\\3w Academy\\\\amazon-clone\\\\functions\\\\node_modules\\\\firebase-functions\\\\lib\\\\index.js\"}"}}
[debug] [2020-10-09T16:25:13.616Z] [runtime-status] [11392] Checked functions.config() {"config":{}} {"metadata":{"emulator":{"name":"functions"},"message":"[runtime-status] [11392] Checked functions.config() {\"config\":{}}"}}
[debug] [2020-10-09T16:25:13.616Z] [runtime-status] [11392] firebase-functions has been stubbed. {"functionsResolution":{"declared":true,"installed":true,"version":"3.11.0","resolution":"C:\\Users\\dell\\Documents\\PROGRAMMING\\3w Academy\\amazon-clone\\functions\\node_modules\\firebase-functions\\lib\\index.js"}} {"metadata":{"emulator":{"name":"functions"},"message":"[runtime-status] [11392] firebase-functions has been stubbed. {\"functionsResolution\":{\"declared\":true,\"installed\":true,\"version\":\"3.11.0\",\"resolution\":\"C:\\\\Users\\\\dell\\\\Documents\\\\PROGRAMMING\\\\3w Academy\\\\amazon-clone\\\\functions\\\\node_modules\\\\firebase-functions\\\\lib\\\\index.js\"}}"}}
[debug] [2020-10-09T16:25:13.617Z] [runtime-status] [11392] Resolved module firebase-functions {"declared":true,"installed":true,"version":"3.11.0","resolution":"C:\\Users\\dell\\Documents\\PROGRAMMING\\3w Academy\\amazon-clone\\functions\\node_modules\\firebase-functions\\lib\\index.js"} {"metadata":{"emulator":{"name":"functions"},"message":"[runtime-status] [11392] Resolved module firebase-functions {\"declared\":true,\"installed\":true,\"version\":\"3.11.0\",\"resolution\":\"C:\\\\Users\\\\dell\\\\Documents\\\\PROGRAMMING\\\\3w Academy\\\\amazon-clone\\\\functions\\\\node_modules\\\\firebase-functions\\\\lib\\\\index.js\"}"}}
[debug] [2020-10-09T16:25:13.618Z] [runtime-status] [11392] Resolved module firebase-admin {"declared":true,"installed":true,"version":"8.13.0","resolution":"C:\\Users\\dell\\Documents\\PROGRAMMING\\3w Academy\\amazon-clone\\functions\\node_modules\\firebase-admin\\lib\\index.js"} {"metadata":{"emulator":{"name":"functions"},"message":"[runtime-status] [11392] Resolved module firebase-admin {\"declared\":true,\"installed\":true,\"version\":\"8.13.0\",\"resolution\":\"C:\\\\Users\\\\dell\\\\Documents\\\\PROGRAMMING\\\\3w Academy\\\\amazon-clone\\\\functions\\\\node_modules\\\\firebase-admin\\\\lib\\\\index.js\"}"}}
[debug] [2020-10-09T16:25:13.619Z] [runtime-status] [11392] Resolved module firebase-functions {"declared":true,"installed":true,"version":"3.11.0","resolution":"C:\\Users\\dell\\Documents\\PROGRAMMING\\3w Academy\\amazon-clone\\functions\\node_modules\\firebase-functions\\lib\\index.js"} {"metadata":{"emulator":{"name":"functions"},"message":"[runtime-status] [11392] Resolved module firebase-functions {\"declared\":true,\"installed\":true,\"version\":\"3.11.0\",\"resolution\":\"C:\\\\Users\\\\dell\\\\Documents\\\\PROGRAMMING\\\\3w Academy\\\\amazon-clone\\\\functions\\\\node_modules\\\\firebase-functions\\\\lib\\\\index.js\"}"}}
[debug] [2020-10-09T16:25:13.619Z] [runtime-status] [11392] firebase-admin has been stubbed. {"adminResolution":{"declared":true,"installed":true,"version":"8.13.0","resolution":"C:\\Users\\dell\\Documents\\PROGRAMMING\\3w Academy\\amazon-clone\\functions\\node_modules\\firebase-admin\\lib\\index.js"}} {"metadata":{"emulator":{"name":"functions"},"message":"[runtime-status] [11392] firebase-admin has been stubbed. {\"adminResolution\":{\"declared\":true,\"installed\":true,\"version\":\"8.13.0\",\"resolution\":\"C:\\\\Users\\\\dell\\\\Documents\\\\PROGRAMMING\\\\3w Academy\\\\amazon-clone\\\\functions\\\\node_modules\\\\firebase-admin\\\\lib\\\\index.js\"}}"}}
[debug] [2020-10-09T16:25:13.766Z] [worker-~diagnostic~-3f3cde47-978c-42c2-89b3-c90d2570b590]: IDLE {"metadata":{"emulator":{"name":"functions"},"message":"[worker-~diagnostic~-3f3cde47-978c-42c2-89b3-c90d2570b590]: IDLE"}}
