[debug] [2020-10-11T09:44:14.702Z] ----------------------------------------------------------------------
[debug] [2020-10-11T09:44:14.704Z] Command:       C:\Program Files\nodejs\node.exe C:\Users\dell\AppData\Roaming\npm\node_modules\firebase-tools\lib\bin\firebase.js emulators:start
[debug] [2020-10-11T09:44:14.705Z] CLI Version:   8.12.0
[debug] [2020-10-11T09:44:14.705Z] Platform:      win32
[debug] [2020-10-11T09:44:14.705Z] Node Version:  v12.18.3
[debug] [2020-10-11T09:44:14.706Z] Time:          Sun Oct 11 2020 10:44:14 GMT+0100 (GMT+01:00)
[debug] [2020-10-11T09:44:14.706Z] ----------------------------------------------------------------------
[debug] [2020-10-11T09:44:14.706Z] 
[debug] [2020-10-11T09:44:14.718Z] > command requires scopes: ["email","openid","https://www.googleapis.com/auth/cloudplatformprojects.readonly","https://www.googleapis.com/auth/firebase","https://www.googleapis.com/auth/cloud-platform"]
[debug] [2020-10-11T09:44:14.719Z] > authorizing via signed-in user
[info] i  emulators: Starting emulators: functions, hosting {"metadata":{"emulator":{"name":"hub"},"message":"Starting emulators: functions, hosting"}}
[debug] [2020-10-11T09:44:16.747Z] [hub] writing locator at C:\Users\dell\AppData\Local\Temp\hub-clone-e5f47.json
[warn] !  functions: The following emulators are not running, calls to these services from the Functions emulator will affect production: auth, firestore, database, pubsub {"metadata":{"emulator":{"name":"functions"},"message":"The following emulators are not running, calls to these services from the Functions emulator will affect production: \u001b[1mauth, firestore, database, pubsub\u001b[22m"}}
[warn] !  Your requested "node" version "10" doesn't match your global version "12" {"metadata":{"emulator":{"name":"functions"},"message":"Your requested \"node\" version \"10\" doesn't match your global version \"12\""}}
[debug] [2020-10-11T09:44:18.762Z] defaultcredentials: writing to file C:\Users\dell\AppData\Roaming\firebase\loualiadam93_gmail_com_application_default_credentials.json
[debug] [2020-10-11T09:44:18.763Z] Setting GAC to C:\Users\dell\AppData\Roaming\firebase\loualiadam93_gmail_com_application_default_credentials.json {"metadata":{"emulator":{"name":"functions"},"message":"Setting GAC to C:\\Users\\dell\\AppData\\Roaming\\firebase\\loualiadam93_gmail_com_application_default_credentials.json"}}
[debug] [2020-10-11T09:44:20.778Z] > refreshing access token with scopes: ["email","https://www.googleapis.com/auth/cloud-platform","https://www.googleapis.com/auth/cloudplatformprojects.readonly","https://www.googleapis.com/auth/firebase","openid"]
[debug] [2020-10-11T09:44:20.778Z] >>> HTTP REQUEST POST https://www.googleapis.com/oauth2/v3/token  
 <request body omitted>
[debug] [2020-10-11T09:44:21.106Z] <<< HTTP RESPONSE 200 {"expires":"Mon, 01 Jan 1990 00:00:00 GMT","date":"Sun, 11 Oct 2020 09:44:22 GMT","pragma":"no-cache","cache-control":"no-cache, no-store, max-age=0, must-revalidate","content-type":"application/json; charset=utf-8","vary":"X-Origin, Referer, Origin,Accept-Encoding","server":"scaffolding on HTTPServer2","x-xss-protection":"0","x-frame-options":"SAMEORIGIN","x-content-type-options":"nosniff","alt-svc":"h3-Q050=\":443\"; ma=2592000,h3-29=\":443\"; ma=2592000,h3-27=\":443\"; ma=2592000,h3-T051=\":443\"; ma=2592000,h3-T050=\":443\"; ma=2592000,h3-Q046=\":443\"; ma=2592000,h3-Q043=\":443\"; ma=2592000,quic=\":443\"; ma=2592000; v=\"46,43\"","accept-ranges":"none","transfer-encoding":"chunked"}
[debug] [2020-10-11T09:44:21.113Z] >>> HTTP REQUEST GET https://firebase.googleapis.com/v1beta1/projects/clone-e5f47/webApps/-/config  
 
[debug] [2020-10-11T09:44:22.132Z] <<< HTTP RESPONSE 200 {"content-type":"application/json; charset=UTF-8","vary":"X-Origin, Referer, Origin,Accept-Encoding","date":"Sun, 11 Oct 2020 09:44:23 GMT","server":"ESF","cache-control":"private","x-xss-protection":"0","x-frame-options":"SAMEORIGIN","x-content-type-options":"nosniff","alt-svc":"h3-Q050=\":443\"; ma=2592000,h3-29=\":443\"; ma=2592000,h3-27=\":443\"; ma=2592000,h3-T051=\":443\"; ma=2592000,h3-T050=\":443\"; ma=2592000,h3-Q046=\":443\"; ma=2592000,h3-Q043=\":443\"; ma=2592000,quic=\":443\"; ma=2592000; v=\"46,43\"","accept-ranges":"none","transfer-encoding":"chunked"}
[info] i  hosting: Serving hosting files from: build {"metadata":{"emulator":{"name":"hosting"},"message":"Serving hosting files from: \u001b[1mbuild\u001b[22m"}}
[info] +  hosting: Local server: http://localhost:5000 {"metadata":{"emulator":{"name":"hosting"},"message":"Local server: \u001b[4m\u001b[1mhttp://localhost:5000\u001b[22m\u001b[24m"}}
[debug] [2020-10-11T09:44:26.171Z] Ignoring unsupported arg: auto_download {"metadata":{"emulator":{"name":"ui"},"message":"Ignoring unsupported arg: auto_download"}}
[debug] [2020-10-11T09:44:26.171Z] Ignoring unsupported arg: port {"metadata":{"emulator":{"name":"ui"},"message":"Ignoring unsupported arg: port"}}
[debug] [2020-10-11T09:44:26.171Z] Starting Emulator UI with command {"binary":"node","args":["C:\\Users\\dell\\.cache\\firebase\\emulators\\ui-v1.1.1\\server.bundle.js"],"optionalArgs":[],"joinArgs":false} {"metadata":{"emulator":{"name":"ui"},"message":"Starting Emulator UI with command {\"binary\":\"node\",\"args\":[\"C:\\\\Users\\\\dell\\\\.cache\\\\firebase\\\\emulators\\\\ui-v1.1.1\\\\server.bundle.js\"],\"optionalArgs\":[],\"joinArgs\":false}"}}
[info] i  ui: Emulator UI logging to ui-debug.log {"metadata":{"emulator":{"name":"ui"},"message":"Emulator UI logging to \u001b[1mui-debug.log\u001b[22m"}}
[debug] [2020-10-11T09:44:26.280Z] Web / API server started at http://localhost:4000
 {"metadata":{"emulator":{"name":"ui"},"message":"Web / API server started at http://localhost:4000\n"}}
[info] i  functions: Watching "C:\Users\dell\Documents\PROGRAMMING\3w Academy\amazon-clone\functions" for Cloud Functions... {"metadata":{"emulator":{"name":"functions"},"message":"Watching \"C:\\Users\\dell\\Documents\\PROGRAMMING\\3w Academy\\amazon-clone\\functions\" for Cloud Functions..."}}
[debug] [2020-10-11T09:44:26.723Z] [worker-pool] addWorker(~diagnostic~) {"metadata":{"emulator":{"name":"functions"},"message":"[worker-pool] addWorker(~diagnostic~)"}}
[debug] [2020-10-11T09:44:26.723Z] [worker-pool] Adding worker with key ~diagnostic~, total=1 {"metadata":{"emulator":{"name":"functions"},"message":"[worker-pool] Adding worker with key ~diagnostic~, total=1"}}
[debug] [2020-10-11T09:44:26.724Z] [worker-pool] submitWork(triggerId=) {"metadata":{"emulator":{"name":"functions"},"message":"[worker-pool] submitWork(triggerId=)"}}
[debug] [2020-10-11T09:44:26.725Z] [worker-~diagnostic~-e3866d82-a112-444c-8b7b-0fa17141b601]: Assigning socketPath: \\?\pipe\C:\Users\dell\Documents\PROGRAMMING\3w Academy\amazon-clone\functions\1472 {"metadata":{"emulator":{"name":"functions"},"message":"[worker-~diagnostic~-e3866d82-a112-444c-8b7b-0fa17141b601]: Assigning socketPath: \\\\?\\pipe\\C:\\Users\\dell\\Documents\\PROGRAMMING\\3w Academy\\amazon-clone\\functions\\1472"}}
[debug] [2020-10-11T09:44:26.726Z] [worker-~diagnostic~-e3866d82-a112-444c-8b7b-0fa17141b601]: BUSY {"metadata":{"emulator":{"name":"functions"},"message":"[worker-~diagnostic~-e3866d82-a112-444c-8b7b-0fa17141b601]: BUSY"}}
[debug] [2020-10-11T09:44:27.105Z] [runtime-status] [1472] Functions runtime initialized. {"cwd":"C:\\Users\\dell\\Documents\\PROGRAMMING\\3w Academy\\amazon-clone\\functions","node_version":"12.18.3"} {"metadata":{"emulator":{"name":"functions"},"message":"[runtime-status] [1472] Functions runtime initialized. {\"cwd\":\"C:\\\\Users\\\\dell\\\\Documents\\\\PROGRAMMING\\\\3w Academy\\\\amazon-clone\\\\functions\",\"node_version\":\"12.18.3\"}"}}
[debug] [2020-10-11T09:44:27.106Z] [runtime-status] [1472] Disabled runtime features: undefined {"metadata":{"emulator":{"name":"functions"},"message":"[runtime-status] [1472] Disabled runtime features: undefined"}}
[debug] [2020-10-11T09:44:27.113Z] [runtime-status] [1472] Resolved module firebase-admin {"declared":true,"installed":true,"version":"8.13.0","resolution":"C:\\Users\\dell\\Documents\\PROGRAMMING\\3w Academy\\amazon-clone\\functions\\node_modules\\firebase-admin\\lib\\index.js"} {"metadata":{"emulator":{"name":"functions"},"message":"[runtime-status] [1472] Resolved module firebase-admin {\"declared\":true,\"installed\":true,\"version\":\"8.13.0\",\"resolution\":\"C:\\\\Users\\\\dell\\\\Documents\\\\PROGRAMMING\\\\3w Academy\\\\amazon-clone\\\\functions\\\\node_modules\\\\firebase-admin\\\\lib\\\\index.js\"}"}}
[debug] [2020-10-11T09:44:27.115Z] [runtime-status] [1472] Resolved module firebase-functions {"declared":true,"installed":true,"version":"3.11.0","resolution":"C:\\Users\\dell\\Documents\\PROGRAMMING\\3w Academy\\amazon-clone\\functions\\node_modules\\firebase-functions\\lib\\index.js"} {"metadata":{"emulator":{"name":"functions"},"message":"[runtime-status] [1472] Resolved module firebase-functions {\"declared\":true,\"installed\":true,\"version\":\"3.11.0\",\"resolution\":\"C:\\\\Users\\\\dell\\\\Documents\\\\PROGRAMMING\\\\3w Academy\\\\amazon-clone\\\\functions\\\\node_modules\\\\firebase-functions\\\\lib\\\\index.js\"}"}}
[debug] [2020-10-11T09:44:27.116Z] [runtime-status] [1472] Resolved module firebase-functions {"declared":true,"installed":true,"version":"3.11.0","resolution":"C:\\Users\\dell\\Documents\\PROGRAMMING\\3w Academy\\amazon-clone\\functions\\node_modules\\firebase-functions\\lib\\index.js"} {"metadata":{"emulator":{"name":"functions"},"message":"[runtime-status] [1472] Resolved module firebase-functions {\"declared\":true,\"installed\":true,\"version\":\"3.11.0\",\"resolution\":\"C:\\\\Users\\\\dell\\\\Documents\\\\PROGRAMMING\\\\3w Academy\\\\amazon-clone\\\\functions\\\\node_modules\\\\firebase-functions\\\\lib\\\\index.js\"}"}}
[debug] [2020-10-11T09:44:27.117Z] [runtime-status] [1472] Outgoing network have been stubbed. [{"name":"http","status":"mocked"},{"name":"http","status":"mocked"},{"name":"https","status":"mocked"},{"name":"https","status":"mocked"},{"name":"net","status":"mocked"}] {"metadata":{"emulator":{"name":"functions"},"message":"[runtime-status] [1472] Outgoing network have been stubbed. [{\"name\":\"http\",\"status\":\"mocked\"},{\"name\":\"http\",\"status\":\"mocked\"},{\"name\":\"https\",\"status\":\"mocked\"},{\"name\":\"https\",\"status\":\"mocked\"},{\"name\":\"net\",\"status\":\"mocked\"}]"}}
[debug] [2020-10-11T09:44:27.118Z] [runtime-status] [1472] Resolved module firebase-functions {"declared":true,"installed":true,"version":"3.11.0","resolution":"C:\\Users\\dell\\Documents\\PROGRAMMING\\3w Academy\\amazon-clone\\functions\\node_modules\\firebase-functions\\lib\\index.js"} {"metadata":{"emulator":{"name":"functions"},"message":"[runtime-status] [1472] Resolved module firebase-functions {\"declared\":true,\"installed\":true,\"version\":\"3.11.0\",\"resolution\":\"C:\\\\Users\\\\dell\\\\Documents\\\\PROGRAMMING\\\\3w Academy\\\\amazon-clone\\\\functions\\\\node_modules\\\\firebase-functions\\\\lib\\\\index.js\"}"}}
[debug] [2020-10-11T09:44:27.179Z] [runtime-status] [1472] Checked functions.config() {"config":{}} {"metadata":{"emulator":{"name":"functions"},"message":"[runtime-status] [1472] Checked functions.config() {\"config\":{}}"}}
[debug] [2020-10-11T09:44:27.179Z] [runtime-status] [1472] firebase-functions has been stubbed. {"functionsResolution":{"declared":true,"installed":true,"version":"3.11.0","resolution":"C:\\Users\\dell\\Documents\\PROGRAMMING\\3w Academy\\amazon-clone\\functions\\node_modules\\firebase-functions\\lib\\index.js"}} {"metadata":{"emulator":{"name":"functions"},"message":"[runtime-status] [1472] firebase-functions has been stubbed. {\"functionsResolution\":{\"declared\":true,\"installed\":true,\"version\":\"3.11.0\",\"resolution\":\"C:\\\\Users\\\\dell\\\\Documents\\\\PROGRAMMING\\\\3w Academy\\\\amazon-clone\\\\functions\\\\node_modules\\\\firebase-functions\\\\lib\\\\index.js\"}}"}}
[debug] [2020-10-11T09:44:27.179Z] [runtime-status] [1472] Resolved module firebase-functions {"declared":true,"installed":true,"version":"3.11.0","resolution":"C:\\Users\\dell\\Documents\\PROGRAMMING\\3w Academy\\amazon-clone\\functions\\node_modules\\firebase-functions\\lib\\index.js"} {"metadata":{"emulator":{"name":"functions"},"message":"[runtime-status] [1472] Resolved module firebase-functions {\"declared\":true,\"installed\":true,\"version\":\"3.11.0\",\"resolution\":\"C:\\\\Users\\\\dell\\\\Documents\\\\PROGRAMMING\\\\3w Academy\\\\amazon-clone\\\\functions\\\\node_modules\\\\firebase-functions\\\\lib\\\\index.js\"}"}}
[debug] [2020-10-11T09:44:27.180Z] [runtime-status] [1472] Resolved module firebase-admin {"declared":true,"installed":true,"version":"8.13.0","resolution":"C:\\Users\\dell\\Documents\\PROGRAMMING\\3w Academy\\amazon-clone\\functions\\node_modules\\firebase-admin\\lib\\index.js"} {"metadata":{"emulator":{"name":"functions"},"message":"[runtime-status] [1472] Resolved module firebase-admin {\"declared\":true,\"installed\":true,\"version\":\"8.13.0\",\"resolution\":\"C:\\\\Users\\\\dell\\\\Documents\\\\PROGRAMMING\\\\3w Academy\\\\amazon-clone\\\\functions\\\\node_modules\\\\firebase-admin\\\\lib\\\\index.js\"}"}}
[debug] [2020-10-11T09:44:27.181Z] [runtime-status] [1472] Resolved module firebase-functions {"declared":true,"installed":true,"version":"3.11.0","resolution":"C:\\Users\\dell\\Documents\\PROGRAMMING\\3w Academy\\amazon-clone\\functions\\node_modules\\firebase-functions\\lib\\index.js"} {"metadata":{"emulator":{"name":"functions"},"message":"[runtime-status] [1472] Resolved module firebase-functions {\"declared\":true,\"installed\":true,\"version\":\"3.11.0\",\"resolution\":\"C:\\\\Users\\\\dell\\\\Documents\\\\PROGRAMMING\\\\3w Academy\\\\amazon-clone\\\\functions\\\\node_modules\\\\firebase-functions\\\\lib\\\\index.js\"}"}}
[debug] [2020-10-11T09:44:27.181Z] [runtime-status] [1472] firebase-admin has been stubbed. {"adminResolution":{"declared":true,"installed":true,"version":"8.13.0","resolution":"C:\\Users\\dell\\Documents\\PROGRAMMING\\3w Academy\\amazon-clone\\functions\\node_modules\\firebase-admin\\lib\\index.js"}} {"metadata":{"emulator":{"name":"functions"},"message":"[runtime-status] [1472] firebase-admin has been stubbed. {\"adminResolution\":{\"declared\":true,\"installed\":true,\"version\":\"8.13.0\",\"resolution\":\"C:\\\\Users\\\\dell\\\\Documents\\\\PROGRAMMING\\\\3w Academy\\\\amazon-clone\\\\functions\\\\node_modules\\\\firebase-admin\\\\lib\\\\index.js\"}}"}}
[info] +  functions[api]: http function initialized (http://localhost:5001/clone-e5f47/us-central1/api). {"metadata":{"emulator":{"name":"functions"},"message":"\u001b[1mhttp\u001b[22m function initialized (http://localhost:5001/clone-e5f47/us-central1/api)."}}
[info] 
┌───────────────────────────────────────────────────────────────────────┐
│ ✔  All emulators ready! View status and logs at http://localhost:4000 │
└───────────────────────────────────────────────────────────────────────┘

┌───────────┬────────────────┬─────────────────────────────────┐
│ Emulator  │ Host:Port      │ View in Emulator UI             │
├───────────┼────────────────┼─────────────────────────────────┤
│ Functions │ localhost:5001 │ http://localhost:4000/functions │
├───────────┼────────────────┼─────────────────────────────────┤
│ Hosting   │ localhost:5000 │ n/a                             │
└───────────┴────────────────┴─────────────────────────────────┘
  Other reserved ports: 4400, 4500

Issues? Report them at https://github.com/firebase/firebase-tools/issues and attach the *-debug.log files.
 
[debug] [2020-10-11T09:44:27.427Z] [worker-~diagnostic~-e3866d82-a112-444c-8b7b-0fa17141b601]: IDLE {"metadata":{"emulator":{"name":"functions"},"message":"[worker-~diagnostic~-e3866d82-a112-444c-8b7b-0fa17141b601]: IDLE"}}
[debug] [2020-10-11T11:39:36.030Z] [work-queue] {"queueLength":1,"workRunningCount":0}
[debug] [2020-10-11T11:39:36.032Z] [work-queue] {"queueLength":0,"workRunningCount":1}
[debug] [2020-10-11T11:39:36.033Z] Accepted request GET /clone-e5f47/us-central1/api --> api
[debug] [2020-10-11T11:39:36.043Z] [worker-pool] addWorker(api) {"metadata":{"emulator":{"name":"functions"},"message":"[worker-pool] addWorker(api)"}}
[debug] [2020-10-11T11:39:36.044Z] [worker-pool] Adding worker with key api, total=1 {"metadata":{"emulator":{"name":"functions"},"message":"[worker-pool] Adding worker with key api, total=1"}}
[debug] [2020-10-11T11:39:36.044Z] [worker-pool] submitWork(triggerId=api) {"metadata":{"emulator":{"name":"functions"},"message":"[worker-pool] submitWork(triggerId=api)"}}
[debug] [2020-10-11T11:39:36.044Z] [worker-api-1491becd-fbe2-45df-8dbd-4433cf48e826]: Assigning socketPath: \\?\pipe\C:\Users\dell\Documents\PROGRAMMING\3w Academy\amazon-clone\functions\11708 {"metadata":{"emulator":{"name":"functions"},"message":"[worker-api-1491becd-fbe2-45df-8dbd-4433cf48e826]: Assigning socketPath: \\\\?\\pipe\\C:\\Users\\dell\\Documents\\PROGRAMMING\\3w Academy\\amazon-clone\\functions\\11708"}}
[debug] [2020-10-11T11:39:36.044Z] [worker-api-1491becd-fbe2-45df-8dbd-4433cf48e826]: BUSY {"metadata":{"emulator":{"name":"functions"},"message":"[worker-api-1491becd-fbe2-45df-8dbd-4433cf48e826]: BUSY"}}
[debug] [2020-10-11T11:39:36.407Z] [runtime-status] [11708] Functions runtime initialized. {"cwd":"C:\\Users\\dell\\Documents\\PROGRAMMING\\3w Academy\\amazon-clone\\functions","node_version":"12.18.3"} {"metadata":{"emulator":{"name":"functions"},"function":{"name":"api"},"message":"[runtime-status] [11708] Functions runtime initialized. {\"cwd\":\"C:\\\\Users\\\\dell\\\\Documents\\\\PROGRAMMING\\\\3w Academy\\\\amazon-clone\\\\functions\",\"node_version\":\"12.18.3\"}"}}
[debug] [2020-10-11T11:39:36.409Z] [runtime-status] [11708] Disabled runtime features: undefined {"metadata":{"emulator":{"name":"functions"},"function":{"name":"api"},"message":"[runtime-status] [11708] Disabled runtime features: undefined"}}
[debug] [2020-10-11T11:39:36.412Z] [runtime-status] [11708] Resolved module firebase-admin {"declared":true,"installed":true,"version":"8.13.0","resolution":"C:\\Users\\dell\\Documents\\PROGRAMMING\\3w Academy\\amazon-clone\\functions\\node_modules\\firebase-admin\\lib\\index.js"} {"metadata":{"emulator":{"name":"functions"},"function":{"name":"api"},"message":"[runtime-status] [11708] Resolved module firebase-admin {\"declared\":true,\"installed\":true,\"version\":\"8.13.0\",\"resolution\":\"C:\\\\Users\\\\dell\\\\Documents\\\\PROGRAMMING\\\\3w Academy\\\\amazon-clone\\\\functions\\\\node_modules\\\\firebase-admin\\\\lib\\\\index.js\"}"}}
[debug] [2020-10-11T11:39:36.415Z] [runtime-status] [11708] Resolved module firebase-functions {"declared":true,"installed":true,"version":"3.11.0","resolution":"C:\\Users\\dell\\Documents\\PROGRAMMING\\3w Academy\\amazon-clone\\functions\\node_modules\\firebase-functions\\lib\\index.js"} {"metadata":{"emulator":{"name":"functions"},"function":{"name":"api"},"message":"[runtime-status] [11708] Resolved module firebase-functions {\"declared\":true,\"installed\":true,\"version\":\"3.11.0\",\"resolution\":\"C:\\\\Users\\\\dell\\\\Documents\\\\PROGRAMMING\\\\3w Academy\\\\amazon-clone\\\\functions\\\\node_modules\\\\firebase-functions\\\\lib\\\\index.js\"}"}}
[debug] [2020-10-11T11:39:36.416Z] [runtime-status] [11708] Resolved module firebase-functions {"declared":true,"installed":true,"version":"3.11.0","resolution":"C:\\Users\\dell\\Documents\\PROGRAMMING\\3w Academy\\amazon-clone\\functions\\node_modules\\firebase-functions\\lib\\index.js"} {"metadata":{"emulator":{"name":"functions"},"function":{"name":"api"},"message":"[runtime-status] [11708] Resolved module firebase-functions {\"declared\":true,\"installed\":true,\"version\":\"3.11.0\",\"resolution\":\"C:\\\\Users\\\\dell\\\\Documents\\\\PROGRAMMING\\\\3w Academy\\\\amazon-clone\\\\functions\\\\node_modules\\\\firebase-functions\\\\lib\\\\index.js\"}"}}
[debug] [2020-10-11T11:39:36.418Z] [runtime-status] [11708] Outgoing network have been stubbed. [{"name":"http","status":"mocked"},{"name":"http","status":"mocked"},{"name":"https","status":"mocked"},{"name":"https","status":"mocked"},{"name":"net","status":"mocked"}] {"metadata":{"emulator":{"name":"functions"},"function":{"name":"api"},"message":"[runtime-status] [11708] Outgoing network have been stubbed. [{\"name\":\"http\",\"status\":\"mocked\"},{\"name\":\"http\",\"status\":\"mocked\"},{\"name\":\"https\",\"status\":\"mocked\"},{\"name\":\"https\",\"status\":\"mocked\"},{\"name\":\"net\",\"status\":\"mocked\"}]"}}
[debug] [2020-10-11T11:39:36.418Z] [runtime-status] [11708] Resolved module firebase-functions {"declared":true,"installed":true,"version":"3.11.0","resolution":"C:\\Users\\dell\\Documents\\PROGRAMMING\\3w Academy\\amazon-clone\\functions\\node_modules\\firebase-functions\\lib\\index.js"} {"metadata":{"emulator":{"name":"functions"},"function":{"name":"api"},"message":"[runtime-status] [11708] Resolved module firebase-functions {\"declared\":true,\"installed\":true,\"version\":\"3.11.0\",\"resolution\":\"C:\\\\Users\\\\dell\\\\Documents\\\\PROGRAMMING\\\\3w Academy\\\\amazon-clone\\\\functions\\\\node_modules\\\\firebase-functions\\\\lib\\\\index.js\"}"}}
[debug] [2020-10-11T11:39:36.457Z] [runtime-status] [11708] Checked functions.config() {"config":{}} {"metadata":{"emulator":{"name":"functions"},"function":{"name":"api"},"message":"[runtime-status] [11708] Checked functions.config() {\"config\":{}}"}}
[debug] [2020-10-11T11:39:36.457Z] [runtime-status] [11708] firebase-functions has been stubbed. {"functionsResolution":{"declared":true,"installed":true,"version":"3.11.0","resolution":"C:\\Users\\dell\\Documents\\PROGRAMMING\\3w Academy\\amazon-clone\\functions\\node_modules\\firebase-functions\\lib\\index.js"}} {"metadata":{"emulator":{"name":"functions"},"function":{"name":"api"},"message":"[runtime-status] [11708] firebase-functions has been stubbed. {\"functionsResolution\":{\"declared\":true,\"installed\":true,\"version\":\"3.11.0\",\"resolution\":\"C:\\\\Users\\\\dell\\\\Documents\\\\PROGRAMMING\\\\3w Academy\\\\amazon-clone\\\\functions\\\\node_modules\\\\firebase-functions\\\\lib\\\\index.js\"}}"}}
[debug] [2020-10-11T11:39:36.457Z] [runtime-status] [11708] Resolved module firebase-functions {"declared":true,"installed":true,"version":"3.11.0","resolution":"C:\\Users\\dell\\Documents\\PROGRAMMING\\3w Academy\\amazon-clone\\functions\\node_modules\\firebase-functions\\lib\\index.js"} {"metadata":{"emulator":{"name":"functions"},"function":{"name":"api"},"message":"[runtime-status] [11708] Resolved module firebase-functions {\"declared\":true,\"installed\":true,\"version\":\"3.11.0\",\"resolution\":\"C:\\\\Users\\\\dell\\\\Documents\\\\PROGRAMMING\\\\3w Academy\\\\amazon-clone\\\\functions\\\\node_modules\\\\firebase-functions\\\\lib\\\\index.js\"}"}}
[debug] [2020-10-11T11:39:36.458Z] [runtime-status] [11708] Resolved module firebase-admin {"declared":true,"installed":true,"version":"8.13.0","resolution":"C:\\Users\\dell\\Documents\\PROGRAMMING\\3w Academy\\amazon-clone\\functions\\node_modules\\firebase-admin\\lib\\index.js"} {"metadata":{"emulator":{"name":"functions"},"function":{"name":"api"},"message":"[runtime-status] [11708] Resolved module firebase-admin {\"declared\":true,\"installed\":true,\"version\":\"8.13.0\",\"resolution\":\"C:\\\\Users\\\\dell\\\\Documents\\\\PROGRAMMING\\\\3w Academy\\\\amazon-clone\\\\functions\\\\node_modules\\\\firebase-admin\\\\lib\\\\index.js\"}"}}
[debug] [2020-10-11T11:39:36.459Z] [runtime-status] [11708] Resolved module firebase-functions {"declared":true,"installed":true,"version":"3.11.0","resolution":"C:\\Users\\dell\\Documents\\PROGRAMMING\\3w Academy\\amazon-clone\\functions\\node_modules\\firebase-functions\\lib\\index.js"} {"metadata":{"emulator":{"name":"functions"},"function":{"name":"api"},"message":"[runtime-status] [11708] Resolved module firebase-functions {\"declared\":true,\"installed\":true,\"version\":\"3.11.0\",\"resolution\":\"C:\\\\Users\\\\dell\\\\Documents\\\\PROGRAMMING\\\\3w Academy\\\\amazon-clone\\\\functions\\\\node_modules\\\\firebase-functions\\\\lib\\\\index.js\"}"}}
[debug] [2020-10-11T11:39:36.459Z] [runtime-status] [11708] firebase-admin has been stubbed. {"adminResolution":{"declared":true,"installed":true,"version":"8.13.0","resolution":"C:\\Users\\dell\\Documents\\PROGRAMMING\\3w Academy\\amazon-clone\\functions\\node_modules\\firebase-admin\\lib\\index.js"}} {"metadata":{"emulator":{"name":"functions"},"function":{"name":"api"},"message":"[runtime-status] [11708] firebase-admin has been stubbed. {\"adminResolution\":{\"declared\":true,\"installed\":true,\"version\":\"8.13.0\",\"resolution\":\"C:\\\\Users\\\\dell\\\\Documents\\\\PROGRAMMING\\\\3w Academy\\\\amazon-clone\\\\functions\\\\node_modules\\\\firebase-admin\\\\lib\\\\index.js\"}}"}}
[debug] [2020-10-11T11:39:36.598Z] [runtime-status] [11708] Trigger "api" has been found, beginning invocation! {"metadata":{"emulator":{"name":"functions"},"function":{"name":"api"},"message":"[runtime-status] [11708] Trigger \"api\" has been found, beginning invocation!"}}
[info] i  functions: Beginning execution of "api" {"metadata":{"emulator":{"name":"functions"},"function":{"name":"api"},"message":"Beginning execution of \"api\""}}
[debug] [2020-10-11T11:39:36.600Z] [runtime-status] [11708] triggerDefinition {"httpsTrigger":{},"name":"api","entryPoint":"api"} {"metadata":{"emulator":{"name":"functions"},"function":{"name":"api"},"message":"[runtime-status] [11708] triggerDefinition {\"httpsTrigger\":{},\"name\":\"api\",\"entryPoint\":\"api\"}"}}
[debug] [2020-10-11T11:39:36.600Z] [runtime-status] [11708] Running api in mode HTTPS {"metadata":{"emulator":{"name":"functions"},"function":{"name":"api"},"message":"[runtime-status] [11708] Running api in mode HTTPS"}}
[debug] [2020-10-11T11:39:36.603Z] [runtime-status] [11708] Attempting to listen to socketPath: \\?\pipe\C:\Users\dell\Documents\PROGRAMMING\3w Academy\amazon-clone\functions\11708 {"metadata":{"emulator":{"name":"functions"},"function":{"name":"api"},"message":"[runtime-status] [11708] Attempting to listen to socketPath: \\\\?\\pipe\\C:\\Users\\dell\\Documents\\PROGRAMMING\\3w Academy\\amazon-clone\\functions\\11708"}}
[debug] [2020-10-11T11:39:36.604Z] [functions] Runtime ready! Sending request! {"metadata":{"emulator":{"name":"functions"},"message":"[functions] Runtime ready! Sending request!"}}
[debug] [2020-10-11T11:39:36.610Z] [runtime-status] [11708] Ephemeral server handling GET request {"metadata":{"emulator":{"name":"functions"},"function":{"name":"api"},"message":"[runtime-status] [11708] Ephemeral server handling GET request"}}
[debug] [2020-10-11T11:39:36.616Z] [runtime-status] [11708] Ephemeral server survived. {"metadata":{"emulator":{"name":"functions"},"function":{"name":"api"},"message":"[runtime-status] [11708] Ephemeral server survived."}}
[info] i  functions: Finished "api" in ~1s {"metadata":{"emulator":{"name":"functions"},"function":{"name":"api"},"message":"Finished \"api\" in ~1s"}}
[debug] [2020-10-11T11:39:36.626Z] [worker-api-1491becd-fbe2-45df-8dbd-4433cf48e826]: IDLE {"metadata":{"emulator":{"name":"functions"},"message":"[worker-api-1491becd-fbe2-45df-8dbd-4433cf48e826]: IDLE"}}
[debug] [2020-10-11T11:39:36.626Z] [work-queue] {"queueLength":0,"workRunningCount":0}
[debug] [2020-10-11T11:39:36.677Z] Functions emulator received unknown request at path /favicon.ico
[debug] [2020-10-12T12:16:00.184Z] ----------------------------------------------------------------------
[debug] [2020-10-12T12:16:00.185Z] Command:       C:\Program Files\nodejs\node.exe C:\Users\dell\AppData\Roaming\npm\node_modules\firebase-tools\lib\bin\firebase.js emulators:start
[debug] [2020-10-12T12:16:00.186Z] CLI Version:   8.12.0
[debug] [2020-10-12T12:16:00.186Z] Platform:      win32
[debug] [2020-10-12T12:16:00.186Z] Node Version:  v12.18.3
[debug] [2020-10-12T12:16:00.187Z] Time:          Mon Oct 12 2020 13:16:00 GMT+0100 (GMT+01:00)
[debug] [2020-10-12T12:16:00.188Z] ----------------------------------------------------------------------
[debug] [2020-10-12T12:16:00.188Z] 
[debug] [2020-10-12T12:16:00.198Z] > command requires scopes: ["email","openid","https://www.googleapis.com/auth/cloudplatformprojects.readonly","https://www.googleapis.com/auth/firebase","https://www.googleapis.com/auth/cloud-platform"]
[debug] [2020-10-12T12:16:00.198Z] > authorizing via signed-in user
[info] i  emulators: Starting emulators: functions, hosting {"metadata":{"emulator":{"name":"hub"},"message":"Starting emulators: functions, hosting"}}
[warn] !  emulators: It seems that you are running multiple instances of the emulator suite for project clone-e5f47. This may result in unexpected behavior. 
[debug] [2020-10-12T12:16:02.240Z] [hub] writing locator at C:\Users\dell\AppData\Local\Temp\hub-clone-e5f47.json
[warn] !  functions: The following emulators are not running, calls to these services from the Functions emulator will affect production: auth, firestore, database, pubsub {"metadata":{"emulator":{"name":"functions"},"message":"The following emulators are not running, calls to these services from the Functions emulator will affect production: \u001b[1mauth, firestore, database, pubsub\u001b[22m"}}
[warn] !  Your requested "node" version "10" doesn't match your global version "12" {"metadata":{"emulator":{"name":"functions"},"message":"Your requested \"node\" version \"10\" doesn't match your global version \"12\""}}
[debug] [2020-10-12T12:16:04.277Z] defaultcredentials: writing to file C:\Users\dell\AppData\Roaming\firebase\loualiadam93_gmail_com_application_default_credentials.json
[debug] [2020-10-12T12:16:04.278Z] Setting GAC to C:\Users\dell\AppData\Roaming\firebase\loualiadam93_gmail_com_application_default_credentials.json {"metadata":{"emulator":{"name":"functions"},"message":"Setting GAC to C:\\Users\\dell\\AppData\\Roaming\\firebase\\loualiadam93_gmail_com_application_default_credentials.json"}}
[debug] [2020-10-12T12:16:06.293Z] > refreshing access token with scopes: ["email","https://www.googleapis.com/auth/cloud-platform","https://www.googleapis.com/auth/cloudplatformprojects.readonly","https://www.googleapis.com/auth/firebase","openid"]
[debug] [2020-10-12T12:16:06.293Z] >>> HTTP REQUEST POST https://www.googleapis.com/oauth2/v3/token  
 <request body omitted>
[debug] [2020-10-12T12:16:06.615Z] <<< HTTP RESPONSE 200 {"pragma":"no-cache","date":"Mon, 12 Oct 2020 12:16:06 GMT","expires":"Mon, 01 Jan 1990 00:00:00 GMT","cache-control":"no-cache, no-store, max-age=0, must-revalidate","content-type":"application/json; charset=utf-8","vary":"X-Origin, Referer, Origin,Accept-Encoding","server":"scaffolding on HTTPServer2","x-xss-protection":"0","x-frame-options":"SAMEORIGIN","x-content-type-options":"nosniff","alt-svc":"h3-Q050=\":443\"; ma=2592000,h3-29=\":443\"; ma=2592000,h3-27=\":443\"; ma=2592000,h3-T051=\":443\"; ma=2592000,h3-T050=\":443\"; ma=2592000,h3-Q046=\":443\"; ma=2592000,h3-Q043=\":443\"; ma=2592000,quic=\":443\"; ma=2592000; v=\"46,43\"","accept-ranges":"none","transfer-encoding":"chunked"}
[debug] [2020-10-12T12:16:06.625Z] >>> HTTP REQUEST GET https://firebase.googleapis.com/v1beta1/projects/clone-e5f47/webApps/-/config  
 
[debug] [2020-10-12T12:16:07.760Z] <<< HTTP RESPONSE 200 {"content-type":"application/json; charset=UTF-8","vary":"X-Origin, Referer, Origin,Accept-Encoding","date":"Mon, 12 Oct 2020 12:16:07 GMT","server":"ESF","cache-control":"private","x-xss-protection":"0","x-frame-options":"SAMEORIGIN","x-content-type-options":"nosniff","alt-svc":"h3-Q050=\":443\"; ma=2592000,h3-29=\":443\"; ma=2592000,h3-27=\":443\"; ma=2592000,h3-T051=\":443\"; ma=2592000,h3-T050=\":443\"; ma=2592000,h3-Q046=\":443\"; ma=2592000,h3-Q043=\":443\"; ma=2592000,quic=\":443\"; ma=2592000; v=\"46,43\"","accept-ranges":"none","transfer-encoding":"chunked"}
[info] i  hosting: Serving hosting files from: build {"metadata":{"emulator":{"name":"hosting"},"message":"Serving hosting files from: \u001b[1mbuild\u001b[22m"}}
[info] +  hosting: Local server: http://localhost:5000 {"metadata":{"emulator":{"name":"hosting"},"message":"Local server: \u001b[4m\u001b[1mhttp://localhost:5000\u001b[22m\u001b[24m"}}
[debug] [2020-10-12T12:16:11.815Z] Ignoring unsupported arg: auto_download {"metadata":{"emulator":{"name":"ui"},"message":"Ignoring unsupported arg: auto_download"}}
[debug] [2020-10-12T12:16:11.815Z] Ignoring unsupported arg: port {"metadata":{"emulator":{"name":"ui"},"message":"Ignoring unsupported arg: port"}}
[debug] [2020-10-12T12:16:11.815Z] Starting Emulator UI with command {"binary":"node","args":["C:\\Users\\dell\\.cache\\firebase\\emulators\\ui-v1.1.1\\server.bundle.js"],"optionalArgs":[],"joinArgs":false} {"metadata":{"emulator":{"name":"ui"},"message":"Starting Emulator UI with command {\"binary\":\"node\",\"args\":[\"C:\\\\Users\\\\dell\\\\.cache\\\\firebase\\\\emulators\\\\ui-v1.1.1\\\\server.bundle.js\"],\"optionalArgs\":[],\"joinArgs\":false}"}}
[info] i  ui: Emulator UI logging to ui-debug.log {"metadata":{"emulator":{"name":"ui"},"message":"Emulator UI logging to \u001b[1mui-debug.log\u001b[22m"}}
[debug] [2020-10-12T12:16:11.963Z] Web / API server started at http://localhost:4000
 {"metadata":{"emulator":{"name":"ui"},"message":"Web / API server started at http://localhost:4000\n"}}
[info] i  functions: Watching "C:\Users\dell\Documents\PROGRAMMING\3w Academy\amazon-clone\functions" for Cloud Functions... {"metadata":{"emulator":{"name":"functions"},"message":"Watching \"C:\\Users\\dell\\Documents\\PROGRAMMING\\3w Academy\\amazon-clone\\functions\" for Cloud Functions..."}}
[debug] [2020-10-12T12:16:12.337Z] [worker-pool] addWorker(~diagnostic~) {"metadata":{"emulator":{"name":"functions"},"message":"[worker-pool] addWorker(~diagnostic~)"}}
[debug] [2020-10-12T12:16:12.338Z] [worker-pool] Adding worker with key ~diagnostic~, total=1 {"metadata":{"emulator":{"name":"functions"},"message":"[worker-pool] Adding worker with key ~diagnostic~, total=1"}}
[debug] [2020-10-12T12:16:12.338Z] [worker-pool] submitWork(triggerId=) {"metadata":{"emulator":{"name":"functions"},"message":"[worker-pool] submitWork(triggerId=)"}}
[debug] [2020-10-12T12:16:12.338Z] [worker-~diagnostic~-67bdccaf-8e65-4e22-a743-e1c9be08d814]: Assigning socketPath: \\?\pipe\C:\Users\dell\Documents\PROGRAMMING\3w Academy\amazon-clone\functions\12768 {"metadata":{"emulator":{"name":"functions"},"message":"[worker-~diagnostic~-67bdccaf-8e65-4e22-a743-e1c9be08d814]: Assigning socketPath: \\\\?\\pipe\\C:\\Users\\dell\\Documents\\PROGRAMMING\\3w Academy\\amazon-clone\\functions\\12768"}}
[debug] [2020-10-12T12:16:12.339Z] [worker-~diagnostic~-67bdccaf-8e65-4e22-a743-e1c9be08d814]: BUSY {"metadata":{"emulator":{"name":"functions"},"message":"[worker-~diagnostic~-67bdccaf-8e65-4e22-a743-e1c9be08d814]: BUSY"}}
[debug] [2020-10-12T12:16:12.891Z] [runtime-status] [12768] Functions runtime initialized. {"cwd":"C:\\Users\\dell\\Documents\\PROGRAMMING\\3w Academy\\amazon-clone\\functions","node_version":"12.18.3"} {"metadata":{"emulator":{"name":"functions"},"message":"[runtime-status] [12768] Functions runtime initialized. {\"cwd\":\"C:\\\\Users\\\\dell\\\\Documents\\\\PROGRAMMING\\\\3w Academy\\\\amazon-clone\\\\functions\",\"node_version\":\"12.18.3\"}"}}
[debug] [2020-10-12T12:16:12.894Z] [runtime-status] [12768] Disabled runtime features: undefined {"metadata":{"emulator":{"name":"functions"},"message":"[runtime-status] [12768] Disabled runtime features: undefined"}}
[debug] [2020-10-12T12:16:12.905Z] [runtime-status] [12768] Resolved module firebase-admin {"declared":true,"installed":true,"version":"8.13.0","resolution":"C:\\Users\\dell\\Documents\\PROGRAMMING\\3w Academy\\amazon-clone\\functions\\node_modules\\firebase-admin\\lib\\index.js"} {"metadata":{"emulator":{"name":"functions"},"message":"[runtime-status] [12768] Resolved module firebase-admin {\"declared\":true,\"installed\":true,\"version\":\"8.13.0\",\"resolution\":\"C:\\\\Users\\\\dell\\\\Documents\\\\PROGRAMMING\\\\3w Academy\\\\amazon-clone\\\\functions\\\\node_modules\\\\firebase-admin\\\\lib\\\\index.js\"}"}}
[debug] [2020-10-12T12:16:12.909Z] [runtime-status] [12768] Resolved module firebase-functions {"declared":true,"installed":true,"version":"3.11.0","resolution":"C:\\Users\\dell\\Documents\\PROGRAMMING\\3w Academy\\amazon-clone\\functions\\node_modules\\firebase-functions\\lib\\index.js"} {"metadata":{"emulator":{"name":"functions"},"message":"[runtime-status] [12768] Resolved module firebase-functions {\"declared\":true,\"installed\":true,\"version\":\"3.11.0\",\"resolution\":\"C:\\\\Users\\\\dell\\\\Documents\\\\PROGRAMMING\\\\3w Academy\\\\amazon-clone\\\\functions\\\\node_modules\\\\firebase-functions\\\\lib\\\\index.js\"}"}}
[debug] [2020-10-12T12:16:12.911Z] [runtime-status] [12768] Resolved module firebase-functions {"declared":true,"installed":true,"version":"3.11.0","resolution":"C:\\Users\\dell\\Documents\\PROGRAMMING\\3w Academy\\amazon-clone\\functions\\node_modules\\firebase-functions\\lib\\index.js"} {"metadata":{"emulator":{"name":"functions"},"message":"[runtime-status] [12768] Resolved module firebase-functions {\"declared\":true,\"installed\":true,\"version\":\"3.11.0\",\"resolution\":\"C:\\\\Users\\\\dell\\\\Documents\\\\PROGRAMMING\\\\3w Academy\\\\amazon-clone\\\\functions\\\\node_modules\\\\firebase-functions\\\\lib\\\\index.js\"}"}}
[debug] [2020-10-12T12:16:12.914Z] [runtime-status] [12768] Outgoing network have been stubbed. [{"name":"http","status":"mocked"},{"name":"http","status":"mocked"},{"name":"https","status":"mocked"},{"name":"https","status":"mocked"},{"name":"net","status":"mocked"}] {"metadata":{"emulator":{"name":"functions"},"message":"[runtime-status] [12768] Outgoing network have been stubbed. [{\"name\":\"http\",\"status\":\"mocked\"},{\"name\":\"http\",\"status\":\"mocked\"},{\"name\":\"https\",\"status\":\"mocked\"},{\"name\":\"https\",\"status\":\"mocked\"},{\"name\":\"net\",\"status\":\"mocked\"}]"}}
[debug] [2020-10-12T12:16:12.915Z] [runtime-status] [12768] Resolved module firebase-functions {"declared":true,"installed":true,"version":"3.11.0","resolution":"C:\\Users\\dell\\Documents\\PROGRAMMING\\3w Academy\\amazon-clone\\functions\\node_modules\\firebase-functions\\lib\\index.js"} {"metadata":{"emulator":{"name":"functions"},"message":"[runtime-status] [12768] Resolved module firebase-functions {\"declared\":true,\"installed\":true,\"version\":\"3.11.0\",\"resolution\":\"C:\\\\Users\\\\dell\\\\Documents\\\\PROGRAMMING\\\\3w Academy\\\\amazon-clone\\\\functions\\\\node_modules\\\\firebase-functions\\\\lib\\\\index.js\"}"}}
[debug] [2020-10-12T12:16:13.003Z] [runtime-status] [12768] Checked functions.config() {"config":{}} {"metadata":{"emulator":{"name":"functions"},"message":"[runtime-status] [12768] Checked functions.config() {\"config\":{}}"}}
[debug] [2020-10-12T12:16:13.003Z] [runtime-status] [12768] firebase-functions has been stubbed. {"functionsResolution":{"declared":true,"installed":true,"version":"3.11.0","resolution":"C:\\Users\\dell\\Documents\\PROGRAMMING\\3w Academy\\amazon-clone\\functions\\node_modules\\firebase-functions\\lib\\index.js"}} {"metadata":{"emulator":{"name":"functions"},"message":"[runtime-status] [12768] firebase-functions has been stubbed. {\"functionsResolution\":{\"declared\":true,\"installed\":true,\"version\":\"3.11.0\",\"resolution\":\"C:\\\\Users\\\\dell\\\\Documents\\\\PROGRAMMING\\\\3w Academy\\\\amazon-clone\\\\functions\\\\node_modules\\\\firebase-functions\\\\lib\\\\index.js\"}}"}}
[debug] [2020-10-12T12:16:13.004Z] [runtime-status] [12768] Resolved module firebase-functions {"declared":true,"installed":true,"version":"3.11.0","resolution":"C:\\Users\\dell\\Documents\\PROGRAMMING\\3w Academy\\amazon-clone\\functions\\node_modules\\firebase-functions\\lib\\index.js"} {"metadata":{"emulator":{"name":"functions"},"message":"[runtime-status] [12768] Resolved module firebase-functions {\"declared\":true,\"installed\":true,\"version\":\"3.11.0\",\"resolution\":\"C:\\\\Users\\\\dell\\\\Documents\\\\PROGRAMMING\\\\3w Academy\\\\amazon-clone\\\\functions\\\\node_modules\\\\firebase-functions\\\\lib\\\\index.js\"}"}}
[debug] [2020-10-12T12:16:13.005Z] [runtime-status] [12768] Resolved module firebase-admin {"declared":true,"installed":true,"version":"8.13.0","resolution":"C:\\Users\\dell\\Documents\\PROGRAMMING\\3w Academy\\amazon-clone\\functions\\node_modules\\firebase-admin\\lib\\index.js"} {"metadata":{"emulator":{"name":"functions"},"message":"[runtime-status] [12768] Resolved module firebase-admin {\"declared\":true,\"installed\":true,\"version\":\"8.13.0\",\"resolution\":\"C:\\\\Users\\\\dell\\\\Documents\\\\PROGRAMMING\\\\3w Academy\\\\amazon-clone\\\\functions\\\\node_modules\\\\firebase-admin\\\\lib\\\\index.js\"}"}}
[debug] [2020-10-12T12:16:13.006Z] [runtime-status] [12768] Resolved module firebase-functions {"declared":true,"installed":true,"version":"3.11.0","resolution":"C:\\Users\\dell\\Documents\\PROGRAMMING\\3w Academy\\amazon-clone\\functions\\node_modules\\firebase-functions\\lib\\index.js"} {"metadata":{"emulator":{"name":"functions"},"message":"[runtime-status] [12768] Resolved module firebase-functions {\"declared\":true,\"installed\":true,\"version\":\"3.11.0\",\"resolution\":\"C:\\\\Users\\\\dell\\\\Documents\\\\PROGRAMMING\\\\3w Academy\\\\amazon-clone\\\\functions\\\\node_modules\\\\firebase-functions\\\\lib\\\\index.js\"}"}}
[debug] [2020-10-12T12:16:13.006Z] [runtime-status] [12768] firebase-admin has been stubbed. {"adminResolution":{"declared":true,"installed":true,"version":"8.13.0","resolution":"C:\\Users\\dell\\Documents\\PROGRAMMING\\3w Academy\\amazon-clone\\functions\\node_modules\\firebase-admin\\lib\\index.js"}} {"metadata":{"emulator":{"name":"functions"},"message":"[runtime-status] [12768] firebase-admin has been stubbed. {\"adminResolution\":{\"declared\":true,\"installed\":true,\"version\":\"8.13.0\",\"resolution\":\"C:\\\\Users\\\\dell\\\\Documents\\\\PROGRAMMING\\\\3w Academy\\\\amazon-clone\\\\functions\\\\node_modules\\\\firebase-admin\\\\lib\\\\index.js\"}}"}}
[info] +  functions[api]: http function initialized (http://localhost:5001/clone-e5f47/us-central1/api). {"metadata":{"emulator":{"name":"functions"},"message":"\u001b[1mhttp\u001b[22m function initialized (http://localhost:5001/clone-e5f47/us-central1/api)."}}
[info] 
┌───────────────────────────────────────────────────────────────────────┐
│ ✔  All emulators ready! View status and logs at http://localhost:4000 │
└───────────────────────────────────────────────────────────────────────┘

┌───────────┬────────────────┬─────────────────────────────────┐
│ Emulator  │ Host:Port      │ View in Emulator UI             │
├───────────┼────────────────┼─────────────────────────────────┤
│ Functions │ localhost:5001 │ http://localhost:4000/functions │
├───────────┼────────────────┼─────────────────────────────────┤
│ Hosting   │ localhost:5000 │ n/a                             │
└───────────┴────────────────┴─────────────────────────────────┘
  Other reserved ports: 4400, 4500

Issues? Report them at https://github.com/firebase/firebase-tools/issues and attach the *-debug.log files.
 
[debug] [2020-10-12T12:16:13.364Z] [worker-~diagnostic~-67bdccaf-8e65-4e22-a743-e1c9be08d814]: IDLE {"metadata":{"emulator":{"name":"functions"},"message":"[worker-~diagnostic~-67bdccaf-8e65-4e22-a743-e1c9be08d814]: IDLE"}}
[debug] [2020-10-13T10:13:20.329Z] ----------------------------------------------------------------------
[debug] [2020-10-13T10:13:20.331Z] Command:       C:\Program Files\nodejs\node.exe C:\Users\dell\AppData\Roaming\npm\node_modules\firebase-tools\lib\bin\firebase.js emulators:start
[debug] [2020-10-13T10:13:20.331Z] CLI Version:   8.12.0
[debug] [2020-10-13T10:13:20.332Z] Platform:      win32
[debug] [2020-10-13T10:13:20.332Z] Node Version:  v12.18.3
[debug] [2020-10-13T10:13:20.333Z] Time:          Tue Oct 13 2020 11:13:20 GMT+0100 (GMT+01:00)
[debug] [2020-10-13T10:13:20.333Z] ----------------------------------------------------------------------
[debug] [2020-10-13T10:13:20.333Z] 
[debug] [2020-10-13T10:13:20.342Z] > command requires scopes: ["email","openid","https://www.googleapis.com/auth/cloudplatformprojects.readonly","https://www.googleapis.com/auth/firebase","https://www.googleapis.com/auth/cloud-platform"]
[debug] [2020-10-13T10:13:20.343Z] > authorizing via signed-in user
[info] i  emulators: Starting emulators: functions, hosting {"metadata":{"emulator":{"name":"hub"},"message":"Starting emulators: functions, hosting"}}
[warn] !  emulators: It seems that you are running multiple instances of the emulator suite for project clone-e5f47. This may result in unexpected behavior. 
[debug] [2020-10-13T10:13:22.363Z] [hub] writing locator at C:\Users\dell\AppData\Local\Temp\hub-clone-e5f47.json
[warn] !  functions: The following emulators are not running, calls to these services from the Functions emulator will affect production: auth, firestore, database, pubsub {"metadata":{"emulator":{"name":"functions"},"message":"The following emulators are not running, calls to these services from the Functions emulator will affect production: \u001b[1mauth, firestore, database, pubsub\u001b[22m"}}
[warn] !  Your requested "node" version "10" doesn't match your global version "12" {"metadata":{"emulator":{"name":"functions"},"message":"Your requested \"node\" version \"10\" doesn't match your global version \"12\""}}
[debug] [2020-10-13T10:13:24.386Z] defaultcredentials: writing to file C:\Users\dell\AppData\Roaming\firebase\loualiadam93_gmail_com_application_default_credentials.json
[debug] [2020-10-13T10:13:24.386Z] Setting GAC to C:\Users\dell\AppData\Roaming\firebase\loualiadam93_gmail_com_application_default_credentials.json {"metadata":{"emulator":{"name":"functions"},"message":"Setting GAC to C:\\Users\\dell\\AppData\\Roaming\\firebase\\loualiadam93_gmail_com_application_default_credentials.json"}}
[debug] [2020-10-13T10:13:26.398Z] > refreshing access token with scopes: ["email","https://www.googleapis.com/auth/cloud-platform","https://www.googleapis.com/auth/cloudplatformprojects.readonly","https://www.googleapis.com/auth/firebase","openid"]
[debug] [2020-10-13T10:13:26.398Z] >>> HTTP REQUEST POST https://www.googleapis.com/oauth2/v3/token  
 <request body omitted>
[debug] [2020-10-13T10:13:26.884Z] <<< HTTP RESPONSE 200 {"cache-control":"no-cache, no-store, max-age=0, must-revalidate","expires":"Mon, 01 Jan 1990 00:00:00 GMT","pragma":"no-cache","date":"Tue, 13 Oct 2020 10:13:27 GMT","content-type":"application/json; charset=utf-8","vary":"X-Origin, Referer, Origin,Accept-Encoding","server":"scaffolding on HTTPServer2","x-xss-protection":"0","x-frame-options":"SAMEORIGIN","x-content-type-options":"nosniff","alt-svc":"h3-Q050=\":443\"; ma=2592000,h3-29=\":443\"; ma=2592000,h3-27=\":443\"; ma=2592000,h3-T051=\":443\"; ma=2592000,h3-T050=\":443\"; ma=2592000,h3-Q046=\":443\"; ma=2592000,h3-Q043=\":443\"; ma=2592000,quic=\":443\"; ma=2592000; v=\"46,43\"","accept-ranges":"none","transfer-encoding":"chunked"}
[debug] [2020-10-13T10:13:26.889Z] >>> HTTP REQUEST GET https://firebase.googleapis.com/v1beta1/projects/clone-e5f47/webApps/-/config  
 
[debug] [2020-10-13T10:13:28.181Z] <<< HTTP RESPONSE 200 {"content-type":"application/json; charset=UTF-8","vary":"X-Origin, Referer, Origin,Accept-Encoding","date":"Tue, 13 Oct 2020 10:13:28 GMT","server":"ESF","cache-control":"private","x-xss-protection":"0","x-frame-options":"SAMEORIGIN","x-content-type-options":"nosniff","alt-svc":"h3-Q050=\":443\"; ma=2592000,h3-29=\":443\"; ma=2592000,h3-27=\":443\"; ma=2592000,h3-T051=\":443\"; ma=2592000,h3-T050=\":443\"; ma=2592000,h3-Q046=\":443\"; ma=2592000,h3-Q043=\":443\"; ma=2592000,quic=\":443\"; ma=2592000; v=\"46,43\"","accept-ranges":"none","transfer-encoding":"chunked"}
[info] i  hosting: Serving hosting files from: build {"metadata":{"emulator":{"name":"hosting"},"message":"Serving hosting files from: \u001b[1mbuild\u001b[22m"}}
[info] +  hosting: Local server: http://localhost:5000 {"metadata":{"emulator":{"name":"hosting"},"message":"Local server: \u001b[4m\u001b[1mhttp://localhost:5000\u001b[22m\u001b[24m"}}
[debug] [2020-10-13T10:13:32.213Z] Ignoring unsupported arg: auto_download {"metadata":{"emulator":{"name":"ui"},"message":"Ignoring unsupported arg: auto_download"}}
[debug] [2020-10-13T10:13:32.213Z] Ignoring unsupported arg: port {"metadata":{"emulator":{"name":"ui"},"message":"Ignoring unsupported arg: port"}}
[debug] [2020-10-13T10:13:32.214Z] Starting Emulator UI with command {"binary":"node","args":["C:\\Users\\dell\\.cache\\firebase\\emulators\\ui-v1.1.1\\server.bundle.js"],"optionalArgs":[],"joinArgs":false} {"metadata":{"emulator":{"name":"ui"},"message":"Starting Emulator UI with command {\"binary\":\"node\",\"args\":[\"C:\\\\Users\\\\dell\\\\.cache\\\\firebase\\\\emulators\\\\ui-v1.1.1\\\\server.bundle.js\"],\"optionalArgs\":[],\"joinArgs\":false}"}}
[info] i  ui: Emulator UI logging to ui-debug.log {"metadata":{"emulator":{"name":"ui"},"message":"Emulator UI logging to \u001b[1mui-debug.log\u001b[22m"}}
[debug] [2020-10-13T10:13:32.373Z] Web / API server started at http://localhost:4000
 {"metadata":{"emulator":{"name":"ui"},"message":"Web / API server started at http://localhost:4000\n"}}
[info] i  functions: Watching "C:\Users\dell\Documents\PROGRAMMING\3w Academy\amazon-clone\functions" for Cloud Functions... {"metadata":{"emulator":{"name":"functions"},"message":"Watching \"C:\\Users\\dell\\Documents\\PROGRAMMING\\3w Academy\\amazon-clone\\functions\" for Cloud Functions..."}}
[debug] [2020-10-13T10:13:32.749Z] [worker-pool] addWorker(~diagnostic~) {"metadata":{"emulator":{"name":"functions"},"message":"[worker-pool] addWorker(~diagnostic~)"}}
[debug] [2020-10-13T10:13:32.749Z] [worker-pool] Adding worker with key ~diagnostic~, total=1 {"metadata":{"emulator":{"name":"functions"},"message":"[worker-pool] Adding worker with key ~diagnostic~, total=1"}}
[debug] [2020-10-13T10:13:32.749Z] [worker-pool] submitWork(triggerId=) {"metadata":{"emulator":{"name":"functions"},"message":"[worker-pool] submitWork(triggerId=)"}}
[debug] [2020-10-13T10:13:32.750Z] [worker-~diagnostic~-01a88d3d-2251-4e79-ae44-33576f246810]: Assigning socketPath: \\?\pipe\C:\Users\dell\Documents\PROGRAMMING\3w Academy\amazon-clone\functions\8008 {"metadata":{"emulator":{"name":"functions"},"message":"[worker-~diagnostic~-01a88d3d-2251-4e79-ae44-33576f246810]: Assigning socketPath: \\\\?\\pipe\\C:\\Users\\dell\\Documents\\PROGRAMMING\\3w Academy\\amazon-clone\\functions\\8008"}}
[debug] [2020-10-13T10:13:32.750Z] [worker-~diagnostic~-01a88d3d-2251-4e79-ae44-33576f246810]: BUSY {"metadata":{"emulator":{"name":"functions"},"message":"[worker-~diagnostic~-01a88d3d-2251-4e79-ae44-33576f246810]: BUSY"}}
[debug] [2020-10-13T10:13:33.300Z] [runtime-status] [8008] Functions runtime initialized. {"cwd":"C:\\Users\\dell\\Documents\\PROGRAMMING\\3w Academy\\amazon-clone\\functions","node_version":"12.18.3"} {"metadata":{"emulator":{"name":"functions"},"message":"[runtime-status] [8008] Functions runtime initialized. {\"cwd\":\"C:\\\\Users\\\\dell\\\\Documents\\\\PROGRAMMING\\\\3w Academy\\\\amazon-clone\\\\functions\",\"node_version\":\"12.18.3\"}"}}
[debug] [2020-10-13T10:13:33.303Z] [runtime-status] [8008] Disabled runtime features: undefined {"metadata":{"emulator":{"name":"functions"},"message":"[runtime-status] [8008] Disabled runtime features: undefined"}}
[debug] [2020-10-13T10:13:33.311Z] [runtime-status] [8008] Resolved module firebase-admin {"declared":true,"installed":true,"version":"8.13.0","resolution":"C:\\Users\\dell\\Documents\\PROGRAMMING\\3w Academy\\amazon-clone\\functions\\node_modules\\firebase-admin\\lib\\index.js"} {"metadata":{"emulator":{"name":"functions"},"message":"[runtime-status] [8008] Resolved module firebase-admin {\"declared\":true,\"installed\":true,\"version\":\"8.13.0\",\"resolution\":\"C:\\\\Users\\\\dell\\\\Documents\\\\PROGRAMMING\\\\3w Academy\\\\amazon-clone\\\\functions\\\\node_modules\\\\firebase-admin\\\\lib\\\\index.js\"}"}}
[debug] [2020-10-13T10:13:33.313Z] [runtime-status] [8008] Resolved module firebase-functions {"declared":true,"installed":true,"version":"3.11.0","resolution":"C:\\Users\\dell\\Documents\\PROGRAMMING\\3w Academy\\amazon-clone\\functions\\node_modules\\firebase-functions\\lib\\index.js"} {"metadata":{"emulator":{"name":"functions"},"message":"[runtime-status] [8008] Resolved module firebase-functions {\"declared\":true,\"installed\":true,\"version\":\"3.11.0\",\"resolution\":\"C:\\\\Users\\\\dell\\\\Documents\\\\PROGRAMMING\\\\3w Academy\\\\amazon-clone\\\\functions\\\\node_modules\\\\firebase-functions\\\\lib\\\\index.js\"}"}}
[debug] [2020-10-13T10:13:33.314Z] [runtime-status] [8008] Resolved module firebase-functions {"declared":true,"installed":true,"version":"3.11.0","resolution":"C:\\Users\\dell\\Documents\\PROGRAMMING\\3w Academy\\amazon-clone\\functions\\node_modules\\firebase-functions\\lib\\index.js"} {"metadata":{"emulator":{"name":"functions"},"message":"[runtime-status] [8008] Resolved module firebase-functions {\"declared\":true,\"installed\":true,\"version\":\"3.11.0\",\"resolution\":\"C:\\\\Users\\\\dell\\\\Documents\\\\PROGRAMMING\\\\3w Academy\\\\amazon-clone\\\\functions\\\\node_modules\\\\firebase-functions\\\\lib\\\\index.js\"}"}}
[debug] [2020-10-13T10:13:33.316Z] [runtime-status] [8008] Outgoing network have been stubbed. [{"name":"http","status":"mocked"},{"name":"http","status":"mocked"},{"name":"https","status":"mocked"},{"name":"https","status":"mocked"},{"name":"net","status":"mocked"}] {"metadata":{"emulator":{"name":"functions"},"message":"[runtime-status] [8008] Outgoing network have been stubbed. [{\"name\":\"http\",\"status\":\"mocked\"},{\"name\":\"http\",\"status\":\"mocked\"},{\"name\":\"https\",\"status\":\"mocked\"},{\"name\":\"https\",\"status\":\"mocked\"},{\"name\":\"net\",\"status\":\"mocked\"}]"}}
[debug] [2020-10-13T10:13:33.318Z] [runtime-status] [8008] Resolved module firebase-functions {"declared":true,"installed":true,"version":"3.11.0","resolution":"C:\\Users\\dell\\Documents\\PROGRAMMING\\3w Academy\\amazon-clone\\functions\\node_modules\\firebase-functions\\lib\\index.js"} {"metadata":{"emulator":{"name":"functions"},"message":"[runtime-status] [8008] Resolved module firebase-functions {\"declared\":true,\"installed\":true,\"version\":\"3.11.0\",\"resolution\":\"C:\\\\Users\\\\dell\\\\Documents\\\\PROGRAMMING\\\\3w Academy\\\\amazon-clone\\\\functions\\\\node_modules\\\\firebase-functions\\\\lib\\\\index.js\"}"}}
[debug] [2020-10-13T10:13:33.394Z] [runtime-status] [8008] Checked functions.config() {"config":{}} {"metadata":{"emulator":{"name":"functions"},"message":"[runtime-status] [8008] Checked functions.config() {\"config\":{}}"}}
[debug] [2020-10-13T10:13:33.394Z] [runtime-status] [8008] firebase-functions has been stubbed. {"functionsResolution":{"declared":true,"installed":true,"version":"3.11.0","resolution":"C:\\Users\\dell\\Documents\\PROGRAMMING\\3w Academy\\amazon-clone\\functions\\node_modules\\firebase-functions\\lib\\index.js"}} {"metadata":{"emulator":{"name":"functions"},"message":"[runtime-status] [8008] firebase-functions has been stubbed. {\"functionsResolution\":{\"declared\":true,\"installed\":true,\"version\":\"3.11.0\",\"resolution\":\"C:\\\\Users\\\\dell\\\\Documents\\\\PROGRAMMING\\\\3w Academy\\\\amazon-clone\\\\functions\\\\node_modules\\\\firebase-functions\\\\lib\\\\index.js\"}}"}}
[debug] [2020-10-13T10:13:33.395Z] [runtime-status] [8008] Resolved module firebase-functions {"declared":true,"installed":true,"version":"3.11.0","resolution":"C:\\Users\\dell\\Documents\\PROGRAMMING\\3w Academy\\amazon-clone\\functions\\node_modules\\firebase-functions\\lib\\index.js"} {"metadata":{"emulator":{"name":"functions"},"message":"[runtime-status] [8008] Resolved module firebase-functions {\"declared\":true,\"installed\":true,\"version\":\"3.11.0\",\"resolution\":\"C:\\\\Users\\\\dell\\\\Documents\\\\PROGRAMMING\\\\3w Academy\\\\amazon-clone\\\\functions\\\\node_modules\\\\firebase-functions\\\\lib\\\\index.js\"}"}}
[debug] [2020-10-13T10:13:33.396Z] [runtime-status] [8008] Resolved module firebase-admin {"declared":true,"installed":true,"version":"8.13.0","resolution":"C:\\Users\\dell\\Documents\\PROGRAMMING\\3w Academy\\amazon-clone\\functions\\node_modules\\firebase-admin\\lib\\index.js"} {"metadata":{"emulator":{"name":"functions"},"message":"[runtime-status] [8008] Resolved module firebase-admin {\"declared\":true,\"installed\":true,\"version\":\"8.13.0\",\"resolution\":\"C:\\\\Users\\\\dell\\\\Documents\\\\PROGRAMMING\\\\3w Academy\\\\amazon-clone\\\\functions\\\\node_modules\\\\firebase-admin\\\\lib\\\\index.js\"}"}}
[debug] [2020-10-13T10:13:33.397Z] [runtime-status] [8008] Resolved module firebase-functions {"declared":true,"installed":true,"version":"3.11.0","resolution":"C:\\Users\\dell\\Documents\\PROGRAMMING\\3w Academy\\amazon-clone\\functions\\node_modules\\firebase-functions\\lib\\index.js"} {"metadata":{"emulator":{"name":"functions"},"message":"[runtime-status] [8008] Resolved module firebase-functions {\"declared\":true,\"installed\":true,\"version\":\"3.11.0\",\"resolution\":\"C:\\\\Users\\\\dell\\\\Documents\\\\PROGRAMMING\\\\3w Academy\\\\amazon-clone\\\\functions\\\\node_modules\\\\firebase-functions\\\\lib\\\\index.js\"}"}}
[debug] [2020-10-13T10:13:33.397Z] [runtime-status] [8008] firebase-admin has been stubbed. {"adminResolution":{"declared":true,"installed":true,"version":"8.13.0","resolution":"C:\\Users\\dell\\Documents\\PROGRAMMING\\3w Academy\\amazon-clone\\functions\\node_modules\\firebase-admin\\lib\\index.js"}} {"metadata":{"emulator":{"name":"functions"},"message":"[runtime-status] [8008] firebase-admin has been stubbed. {\"adminResolution\":{\"declared\":true,\"installed\":true,\"version\":\"8.13.0\",\"resolution\":\"C:\\\\Users\\\\dell\\\\Documents\\\\PROGRAMMING\\\\3w Academy\\\\amazon-clone\\\\functions\\\\node_modules\\\\firebase-admin\\\\lib\\\\index.js\"}}"}}
[info] +  functions[api]: http function initialized (http://localhost:5001/clone-e5f47/us-central1/api). {"metadata":{"emulator":{"name":"functions"},"message":"\u001b[1mhttp\u001b[22m function initialized (http://localhost:5001/clone-e5f47/us-central1/api)."}}
[info] 
┌───────────────────────────────────────────────────────────────────────┐
│ ✔  All emulators ready! View status and logs at http://localhost:4000 │
└───────────────────────────────────────────────────────────────────────┘

┌───────────┬────────────────┬─────────────────────────────────┐
│ Emulator  │ Host:Port      │ View in Emulator UI             │
├───────────┼────────────────┼─────────────────────────────────┤
│ Functions │ localhost:5001 │ http://localhost:4000/functions │
├───────────┼────────────────┼─────────────────────────────────┤
│ Hosting   │ localhost:5000 │ n/a                             │
└───────────┴────────────────┴─────────────────────────────────┘
  Other reserved ports: 4400, 4500

Issues? Report them at https://github.com/firebase/firebase-tools/issues and attach the *-debug.log files.
 
[debug] [2020-10-13T10:13:33.649Z] [worker-~diagnostic~-01a88d3d-2251-4e79-ae44-33576f246810]: IDLE {"metadata":{"emulator":{"name":"functions"},"message":"[worker-~diagnostic~-01a88d3d-2251-4e79-ae44-33576f246810]: IDLE"}}
